1701567676369977 - REPORT:          1                      jjfvnnlfivejj1                      51
1701567676371975 - REPORT:          6                        6fourfour                         644
1701567676373979 - REPORT:         69                      ninevbmltwo69                       9269
1701567676374974 - REPORT:         91                 pcg91vqrfpxxzzzoneightzt                 9118
1701567676377485 - REPORT:         31              jpprthxgjfive3one1qckhrptpqdc               5311
1701567676379487 - REPORT:          5        mxphxfnffninethreetdj5jgknqfrxmhxfivexcxqv        9355
1701567676382486 - REPORT:      74279                     three7pktwo4279z                     3724279
1701567676388486 - REPORT:     166929                  1qcbszfgonedjcqj66929                   1166929
1701567676390486 - REPORT:          3           fivesixthreeptcqjnkzgdfgzspmlvmmhn3            5633
1701567676391485 - REPORT:          2                       vm2sixseven                        267
1701567676395487 - REPORT:       1657               1nine6oneeightnine5lfrzmzh7                19618957
1701567676398485 - REPORT:      77865                 7onevsffj78ninejcnnvgn65                 7178965
1701567676401486 - REPORT:          3                qstwonepcd3twosixrmcnxhfzv                21326
1701567676404488 - REPORT:          3                    3bnjfrfourseventwo                    3472
1701567676406488 - REPORT:        881             zpcdmvmktlrrq8sixgjtxxjpt8fcstt1             8681
1701567676408485 - REPORT:        187                    nine1gkmptbfsix87                     91687
1701567676411487 - REPORT:         97               9ldmlbchvnvgfivesixnine7zrt                95697
1701567676412486 - REPORT:        459                      45mjmblfqjvf9                       459
1701567676414485 - REPORT:        837               onehcpgmvd837sgzgsqqrtseven                18377
1701567676416487 - REPORT:         98                   rhjfvkznjdvlgv9one8                    918
1701567676419508 - REPORT:         22                   22xkkdsvfvfourhdpchs                   224
1701567676421489 - REPORT:         56               sixzjx5kvjbcfgcsrjndznkrtf6                656
1701567676423486 - REPORT:        183                   1fourmk8three3seven                    148337
1701567676427486 - REPORT:      47166                 4716lpzhdcbone6seventwo                  47161672
1701567676430487 - REPORT:      44327                         443two27                         443227
1701567676432485 - REPORT:         96                       9sgtwoseven6                       9276
1701567676434489 - REPORT:         18               pjtbhxchqfseven18tznxpbsppk                718
1701567676436516 - REPORT:          9                       9eightwonkt                        982
1701567676438488 - REPORT:         85             htsgxmrfsevenone8qjxhjsixnbsvcf5             71865
1701567676441485 - REPORT:         57             5jmnjnnfsfoursevenprtjzdxmxj7six             54776
1701567676442487 - REPORT:          9              dthreenrzonefourcxfrzsvtfz9xb               3149
1701567676443485 - REPORT:          6                          6kvfn                           6
1701567676445487 - REPORT:          8        vlfbzpbpseven8tspgqfdzkmfivefourzjzdbxgtvx        7854
1701567676448485 - REPORT:       2512           2rfqtfttqzkkzdjbjxnx51xrzczxmfmc2two           25122
1701567676449485 - REPORT:         31                   3fnncmsdz1bnxvlfxng                    31
1701567676452512 - REPORT:       7893                    seven789bgzpszjd3                     77893
1701567676454487 - REPORT:         68                     6four8gjsmbztmp                      648
1701567676455487 - REPORT:          9                         sjvmmb9h                         9
1701567676457487 - REPORT:       6145                      6jqttjkpjc145                       6145
1701567676458486 - REPORT:          9                 9threedzjjqnhrngktscfmc                  93
1701567676459487 - REPORT:          5                         5onesix                          516
1701567676461488 - REPORT:          2                nine2onelpzhtrbninexkgtjqg                9219
1701567676462486 - REPORT:          6                          6nined                          69
1701567676464485 - REPORT:       2979                29xzfour7seven9pcvdbcgvtv                 294779
1701567676469488 - REPORT:         69              hjdtscdc6twotwosixsevensix9six              6226769
1701567676471485 - REPORT:         25                  stmpvhnssixtwoffnhpn25                  6225
1701567676475488 - REPORT:      45964             45fourbpsghkqxqm9fmvhssbntdtwo64             4549264
1701567676477486 - REPORT:        835                       nine835four                        98354
1701567676479485 - REPORT:          9             leightwothreesevenlhlmqcgcpfour9             823749
1701567676481488 - REPORT:         54             fgsfsqgkcctzcltpvpjhlb5eight4one             5841
1701567676485487 - REPORT:      91849                    four9four184five9                     49418459
1701567676488485 - REPORT:        677                  67seven7twobdcltwonenh                  6777221
1701567676490486 - REPORT:        516                      nsdbone5two16                       15216
1701567676492487 - REPORT:          3        sixsix3jxfctsrsvfcrpbxtthmspdlqqrnckxtngnx        663
1701567676493485 - REPORT:          3                fxftk3svcczpknmfourhlndmg                 34
1701567676495485 - REPORT:         44                 eight4sevenmrlkcqx4three                 84743
1701567676497487 - REPORT:        746                7ninerpcrqt46gtnlzlmknine                 79469
1701567676498489 - REPORT:          5                 hppggtwohcckscs5eighttwo                 2582
1701567676503492 - REPORT:        329           phzdqznlbkthreephllsb32eighttwo9six            3328296
1701567676505486 - REPORT:        683                    6four8fxcmngbnine3                    64893
1701567676508486 - REPORT:        623                    seven6five23seven                     765237
1701567676510485 - REPORT:         96              9seven6bfqkxsjvcpninehmprgsldb              9769
1701567676513487 - REPORT:        333   tffjstchhs3rnjsmlnr3sevenlkjzkrdg3mmlgbgnnjzoneightm   337318
1701567676515486 - REPORT:        913                           913                            913
1701567676519493 - REPORT:        864           lvsqbjjsonethreeone864ncrlpdghgkfive           1318645
1701567676521487 - REPORT:         36              fvlmhpxcrktwo3ninejm6eightxmc               23968
1701567676523486 - REPORT:         24                     sevenjbnc2zvxnr4                     724
1701567676524487 - REPORT:          2                   mqjztddmfmnskhlvvp2                    2
1701567676526487 - REPORT:          1                 six1fivesixsevenninenine                 6156799
1701567676527485 - REPORT:          6                     vpbpbsixsqvxfvf6                     66
1701567676529485 - REPORT:        683                       6jjqln83one                        6831
1701567676531486 - REPORT:         33                         3dbone3                          313
1701567676532486 - REPORT:          2      ssczbsgp2fourdknjszzbvtlgtdplgplrnznmhdfivefdd      245
1701567676535487 - REPORT:        457                   threesevenqctdslt457                   37457
1701567676538487 - REPORT:          9              eightthree9eightfiveninetzhmhg              839859
1701567676540486 - REPORT:         15                     bsmzhmrm1eight5                      185
1701567676542488 - REPORT:          7        pzhpleighttbhhfxfdgprfjsxrzl7sixsixjgghqbr        8766
1701567676543485 - REPORT:         58             one5onecfdbpvxbdlmmdbxqdlbldjbz8             1518
1701567676545488 - REPORT:         43              qxsbz4rjdgcfsvmqthreeone3mtwo               43132
1701567676547486 - REPORT:        133                          13zls3                          133
1701567676548485 - REPORT:         65                     zpjlgbjrkl6four5                     645
1701567676551500 - REPORT:        264                       264sevenfive                       26475
1701567676554487 - REPORT:        413                    413vhsevennpbnine                     41379
1701567676555487 - REPORT:          9               gn9sevenhhhnblflxkeightnine                9789
1701567676556485 - REPORT:          5                      hgdfdsdb5seven                      57
1701567676558486 - REPORT:          6     eightczrstqtcjmrpbhhdxrflkcjpsdjbskfvzdglt6nine      869
1701567676559485 - REPORT:        155                       jrgr15mzkpt5                       155
1701567676561485 - REPORT:       3748              lxzlvmrdcvglcjsjzxm3748hjlvtgz              3748
1701567676563488 - REPORT:          5           ninekxcqcpztqfoureightsrdhtmnbpsqkc5           9485
1701567676564484 - REPORT:          4              vxfdkmp4fourtwopdpfmcqnrqkmvf               442
1701567676566486 - REPORT:          4                   prkkmcccpone4qthree                    143
1701567676567486 - REPORT:          5                  lxxqfourkrttdqlhkjhp5                   45
1701567676569486 - REPORT:          7                        five7three                        573
1701567676572485 - REPORT:        283                sixmljbdl2seven8six3ffrfc                 627863
1701567676574485 - REPORT:         65               6threexgtvlxthree5fiveseven                633557
1701567676576486 - REPORT:         86                    three86pztxhlcfour                    3864
1701567676578486 - REPORT:         79                     eightfiveeight79                     85879
1701567676579486 - REPORT:         54                       5ljzqvbgknk4                       54
1701567676580487 - REPORT:         49                      seven4cnrxrv9                       749
1701567676582485 - REPORT:          8            brtwone8jsvbpstpmlbrxrjfivehhhqbvk            2185
1701567676586487 - REPORT:       6939                    three69two3dhvzj9                     369239
1701567676589486 - REPORT:         53             fourfoursevenninelpjs5threevnc3              4479533
1701567676592486 - REPORT:      42441                       42nine441xbc                       429441
1701567676594487 - REPORT:        242                    sevenfour2tqb42one                    742421
1701567676596487 - REPORT:          6                  btccgptzllfivesixtwo6                   5626
1701567676597486 - REPORT:          8                 hdbzgcmznbnrq8cvzrqtpqm                  8
1701567676598486 - REPORT:          5               jqzmone5threehrqhbdnfxhkqnvm               153
1701567676600488 - REPORT:         98                    98nrcvftzpslxnine                     989
1701567676605493 - REPORT:      58879               five58one8snpvggzjbqthree79                55818379
1701567676607486 - REPORT:        376                    lkccfpfn37onenine6                    37196
1701567676608486 - REPORT:         92                        css9four2                         942
1701567676610489 - REPORT:          6              jbtffive6mtfzvkdpjnthreeeight               5638
1701567676612486 - REPORT:       2244                      224fourtwojc4                       224424
1701567676616487 - REPORT:         89     spceightwolbrcfkbrtwo8dkfmvrmrglmrsxlseven9nine      8228799
1701567676620497 - REPORT:         12          threeckdrrznbbhnpsrmbrxlmfjz1twothree2          31232
1701567676623486 - REPORT:         34                    3twokcfivetwosix4                     325264
1701567676625487 - REPORT:         12                  k12mqeighthgdtthxjtwo                   1282
1701567676627486 - REPORT:          5              coneightqtpgsjseven5dzqpvgtjm               1875
1701567676628485 - REPORT:        224                 dpkjqkx22llklllblknine4                  2294
1701567676631487 - REPORT:       8665         svjmxbq8hfzjsbtccjdmqvbjcpklmqbseven665          87665
1701567676632487 - REPORT:          8                        8rbfzjxlqx                        8
1701567676635489 - REPORT:         35                    onefive3nineeight5                    153985
1701567676637488 - REPORT:          4                      eightqrlkf4two                      842
1701567676639486 - REPORT:        931                           931                            931
1701567676641486 - REPORT:        418          41cvfivebfsxdkljjjkjhm8ftfdtnpsdmtkln           4158
1701567676642487 - REPORT:         72                  sixjcnbeightnjtbck72dg                  6872
1701567676644485 - REPORT:        545                 tworvqfjdlr545lbpmlxknsd                 2545
1701567676646485 - REPORT:         73                      kgnt7fiveone3                       7513
1701567676648486 - REPORT:        894                twofourrxmcmj894stppprqjf                 24894
1701567676651492 - REPORT:       3428                 qcqpxnztmntwok34three28                  234328
1701567676653495 - REPORT:          1                     four1sevennlqvbk                     417
1701567676654487 - REPORT:          6                         6fkjkbc                          6
1701567676655487 - REPORT:         23                      2htpxbqvtg3one                      231
1701567676657486 - REPORT:        215                2threezhxzfslfxhvzdbfour15                23415
1701567676659487 - REPORT:          9              nrfdrzdjtlthreeonennzfbone9one              3119
1701567676661485 - REPORT:          6                sixtwosevenqplrqvxreight6                 62786
1701567676663485 - REPORT:        375                   djmzrfq3eight7five5                    38755
1701567676665486 - REPORT:         51                  jthreeeight51sixqlvgvm                  38516
1701567676668489 - REPORT:        498                   foureighteight4vvg98                   488498
1701567676672486 - REPORT:     276922               tttrnk2ctfpk7692mbccxhmpnl2                276922
1701567676673486 - REPORT:          2                          bbsix2                          62
1701567676676487 - REPORT:      13896                   1two3five89zjrjnbpt6                   1235896
1701567676680489 - REPORT:      29787                29787jbhkhtbnbgfoursixfour                29787464
1701567676681486 - REPORT:         58                      vpzmcqcvfour58                      458
1701567676683485 - REPORT:         94                   9eightfcvfeight4one                    98841
1701567676686497 - REPORT:         63          cdbdlseven6zvzl3tshhdtlczsstdbksthree           7633
1701567676688486 - REPORT:         78                         three78                          378
1701567676689486 - REPORT:          9                     hdmmprbbk9hvkpb                      9
1701567676690487 - REPORT:        974                      vfivencslcc974                      5974
1701567676692487 - REPORT:          6           6jthreesevenstksbsxttctjkdnxgjseven            6377
1701567676694486 - REPORT:         38                   sixeight38sevenfive                    683875
1701567676696485 - REPORT:          7              7sixnzcfgfjpzmcdsprgcnvspfive               765
1701567676697487 - REPORT:          9                    tttcfpm9sevennine                     979
1701567676698485 - REPORT:          7                x7dfxhgtqmeightveightfgrqj                788
1701567676702491 - REPORT:          6        zktxptkzztwobztnfqvgxlkrsdhqhntqcnfknine6         296
1701567676704487 - REPORT:         98              9kthreenglrnrxn8sixzlfdmfcdvnd              9386
1701567676706486 - REPORT:       3332                    xjznine3332jtrfnkf                    93332
1701567676708485 - REPORT:       6883                      688k3eightone                       688381
1701567676710486 - REPORT:         42                        4four2chz                         442
1701567676712485 - REPORT:       1389                1zpbmzvgxmhqdkr3four89four                134894
1701567676714486 - REPORT:         53                   nqbthreeztjmkdgtwo53                   3253
1701567676716486 - REPORT:          4            qvfjzclkrkslfmtpdhjeight4fivefour             8454
1701567676721487 - REPORT:      96491               964eight91qhghxjxhcdslsnfour               9648914
1701567676723487 - REPORT:         45                       45twojrbjxb                        452
1701567676725485 - REPORT:        292                   292sixthreekgzpzxxxk                   29263
1701567676726487 - REPORT:          6                       6dgmmtwotwo                        622
1701567676730485 - REPORT:         14               1msixthree4sixeighttwoeight                16346828
1701567676731488 - REPORT:          9                        sixfourt9k                        649
1701567676736491 - REPORT:        167                one1five6fourthreetwo7two                 115643272
1701567676738487 - REPORT:         42                   fourjmbfrhltwosix42                    42642
1701567676739485 - REPORT:          8                         frgfnk8                          8
1701567676741486 - REPORT:        138                           138                            138
1701567676743486 - REPORT:      47928                     4nn79fourfour28                      4794428
1701567676746487 - REPORT:        756                 7zs5eightonenineqnzpsf6                  758196
1701567676747487 - REPORT:         27    bqjndhdtqqhpmltzfv27bqvgklpmfvhgvplbpnxhjvprpldpg     27
1701567676749487 - REPORT:         48                   48tcrntjbninesbkkbbd                   489
1701567676752517 - REPORT:          5             nineeight5nineljhnxhqbpkbbkttwo              98592
1701567676754488 - REPORT:         11                  scbbhqpcxthree1three1                   3131
1701567676756485 - REPORT:         38                  vlczgnrlz38threekjone                   3831
1701567676757487 - REPORT:          7                        nine7ckxh                         97
1701567676758485 - REPORT:          2                    hpgvrtkpqpbjdlkpj2                    2
1701567676760486 - REPORT:         63                 ninetwo63hhnsmoneightjtl                 926318
1701567676762486 - REPORT:       7439                zkhrcrb743fhjpfvdcxq9three                74393
1701567676765486 - REPORT:        593               nineeight5pfour9sixsqjnkpg3                9854963
1701567676766487 - REPORT:          9                    sixthreectddzgzrh9                    639
1701567676769490 - REPORT:         63               xjdgplninetfcldlnzftcv63four               9634
1701567676771486 - REPORT:          1                    fivefourmrrb1three                    5413
1701567676772487 - REPORT:         28                        2mqxhngvb8                        28
1701567676773486 - REPORT:          5                     5njfgllzxnjlqdgn                     5
1701567676775486 - REPORT:        341               five34fourfive1cddmdhrbmrjpz               534451
1701567676777486 - REPORT:         61                       fiveg6seven1                       5671
1701567676779487 - REPORT:        879               eightggzxtddx8mgl7seven9five               887795
1701567676780485 - REPORT:          6                  6tlmlfrsixbtznxhhpclb                   66
1701567676782488 - REPORT:         36                    twospsjtmnfnmfv36                     236
1701567676784492 - REPORT:          9                   tcnmlsljtwo9onekcksj                   291
1701567676787487 - REPORT:         69                6onenine9mhznxmoneightnvq                 619918
1701567676789486 - REPORT:         46               4seven6jxtknddnkfivefivenine               476559
1701567676791486 - REPORT:         12           qxpcxrxstwoninekvlsmtckcd1cxqccqss2            2912
1701567676793486 - REPORT:         83              8pk3xjbsevengfcseveneighteight              837788
1701567676795486 - REPORT:          7                  7sevenstsmqcthreexqdh                   773
1701567676798487 - REPORT:         65               three6sevenmeightjeight5four               3678854
1701567676801504 - REPORT:      95896                   958eightvg9bjrfpjfq6                   958896
1701567676805487 - REPORT:         93             9zninegdmqrtxtlnfiveeight3twotwo             9958322
1701567676807487 - REPORT:        989                      989pdblcmkxhn                       989
1701567676808487 - REPORT:          9              sixvvkvjlndtqjlcqsixktmhpzs9d               669
1701567676809486 - REPORT:          4                   4threepzgdjvsqhseven                   437
1701567676811489 - REPORT:          5                      fzfmnine5eight                      958
1701567676813487 - REPORT:        785                 sevenvv78threexpfxxktwo5                 778325
1701567676814485 - REPORT:         81                        8pgjdzvb1                         81
1701567676815485 - REPORT:          7                           vj7                            7
1701567676819488 - REPORT:          3            sevennine3eightfzpxdxpmseightwozvb            793882
1701567676822485 - REPORT:        159            gxftsptzcm1jcnmkqxnxr5five9onefour            155914
1701567676824485 - REPORT:        263            2fiveclxxnxmsevenzmz6rfvhkrseven3             257673
1701567676827495 - REPORT:        455                fqqdlnkb45lgjjnk5seventwo                 45572
1701567676828489 - REPORT:          5                       six5dhrkkxr                        65
1701567676830485 - REPORT:         18           kmrddmfpzsfmkthreeonefour1xxhshbxd8            31418
1701567676832487 - REPORT:          3                     gdthree3fivefour                     3354
1701567676836497 - REPORT:        772                      sixsixj772four                      667724
1701567676837488 - REPORT:         53                         eight53                          853
1701567676840485 - REPORT:        333                      sixfoursix333                       646333
1701567676843486 - REPORT:       8766                   one8twothreeseven766                   18237766
1701567676845486 - REPORT:          3             bpnvgxjtwohmlgqpx3nineeightvnine             23989
1701567676848485 - REPORT:       9588                        95one88six                        951886
1701567676849486 - REPORT:         47                     4onefrlccksvfcc7                     417
1701567676851503 - REPORT:         67                          xbjh67                          67
1701567676853491 - REPORT:          2                    vzrgvrkzthreesix2                     362
1701567676854485 - REPORT:          8                   five8eighttjxphqzstx                   588
1701567676856485 - REPORT:          3                     fiveone3sixseven                     51367
1701567676858485 - REPORT:       4466                      nine44eight66                       944866
1701567676860487 - REPORT:          7            eighttwogndjkpdxqjvjmd7kgxvjfkltv             827
1701567676862487 - REPORT:         41               mdpxgkxvfheightt41onefoursix               841146
1701567676864485 - REPORT:        184     vqnzsgmgbglqmjmhmqqlpjjhkszprjc184eightczzbrpxh      1848
1701567676866485 - REPORT:          7                   jncvmkbone7vttpdnone                   171
1701567676867487 - REPORT:          7                     bvsmnz7hctzgcfkk                     7
1701567676869492 - REPORT:          7                      bssqrbzsixqx7                       67
1701567676870485 - REPORT:          4                nhtfvdnrtqqvjnzdgc4fvlzkm                 4
1701567676872487 - REPORT:         61                   zhvdbthreeeight61dp                    3861
1701567676873487 - REPORT:         24                           24pv                           24
1701567676874487 - REPORT:         17             onesjjdct1zcknmfjfjvmfivepxzfds7             1157
1701567676877487 - REPORT:       3752                    3six7one5seventwo2                    36715722
1701567676879486 - REPORT:         28               twosixonemjsc2vg8lzvjrpnnhq                26128
1701567676882485 - REPORT:          5   rftwoneqjbq5hcssbxbtvcdsevenfournxhfkrrgjqmzmpmvrvnj   21574
1701567676885486 - REPORT:        585                         58five5                          5855
1701567676927485 - REPORT:     433293                   43nineseven3293three                   439732933
1701567676930485 - REPORT:       4823                     48sixsevenmgsr23                     486723
1701567676932487 - REPORT:          1                       eight1eight                        818
1701567676943486 - REPORT:         51               5hkbzntwo1lplgmfsevengrnhbhg               5217
1701567676945488 - REPORT:         17            1dqbbgjfvmfive7sevenninenhkspxbrxm            15779
1701567676949488 - REPORT:          1             srtwoneeight1jeightoneeightthree             2181813
1701567676950487 - REPORT:          4                        4cvhfbnine                        49
1701567676952497 - REPORT:         56                          vsm56                           56
1701567676954487 - REPORT:        527                      5onev2csngkll7                      5127
1701567676956487 - REPORT:         65                  6six5fivefourzbjkdppp                   66554
1701567676957487 - REPORT:          5                    gdjtp5onehqrngxqd                     51
1701567676960488 - REPORT:        474                4fvltc7ninezmpnbzv4twoone                 479421
1701567676963486 - REPORT:         39          39sevenfxlcsfnkmjninesevennineoneseven          3979791
1701567676965486 - REPORT:        887              cvfqkvfzx887sgzdpvxvhoneseven               88717
1701567676968488 - REPORT:       4129       rvrhpssvkgzbbrgbgcvqbvdkfplsvk41bblsvtbqsk29       4129
1701567676971487 - REPORT:         91                9ninervjgsjrrtwo1twonbxcvd                99212
1701567676973488 - REPORT:         89                          8g9one                          891
1701567676975487 - REPORT:        913            njznrrcshcpn9rbvbsgpdpv13ninefour             91394
1701567676977487 - REPORT:        844                8eightfflllbgkmdh44onenine                884419
1701567676979485 - REPORT:        996                       9onetwo9two6                       912926
1701567676981485 - REPORT:         67                 hdfmvs6hjtjbzjth7ninefn                  679
1701567676983486 - REPORT:         67                      dfzgrfivesix67                      5667
1701567676984497 - REPORT:         79                           7l9                            79
1701567676987490 - REPORT:         88                      onecjeight88hk                      1888
1701567676988489 - REPORT:          2                           hgm2                           2
1701567676991487 - REPORT:        578                 qt5nine7d8fivevlqjmhsix                  597856
1701567676993486 - REPORT:         72                   nqsix7onennmln2five                    67125
1701567676994485 - REPORT:         66                  6sevensevenmnxnbpmprd6                  6776
1701567676997486 - REPORT:         22                five2seventhree2nineksczcl                527329
1701567676998488 - REPORT:          9              twotwokcmkzgkf9vfcmfqhzvseven               2297
1701567677002488 - REPORT:         42       4six2blsfjgmllblxnlfnspxbvvzjnninesevenfour        462974
1701567677004487 - REPORT:        836                           836                            836
1701567677007485 - REPORT:          9           beightwosixonefxlthreepjddrthq9five            8261395
1701567677009485 - REPORT:         22                    22zhppjvmbfszrkrqt                    22
1701567677010485 - REPORT:         75                   7ljpvtkrmgkfc5pxqpd                    75
1701567677013486 - REPORT:      58362                 xqrtsbzpjxhfn58three362                  583362
1701567677015486 - REPORT:          2             2fiveqqdptvjxxnrnsrsixbeightfive             25685
1701567677019497 - REPORT:       1344           gsgfvsfp1mfbrt3dnzttnine44mgmsjmkgv            13944
1701567677021485 - REPORT:          4                     sixfive4sgxxgsix                     6546
1701567677023486 - REPORT:        335                   3nv3dsevensixmsqfdc5                   33765
1701567677025485 - REPORT:         66                         two66six                         2666
1701567677026485 - REPORT:         44                  ptz4qhkzftvxp4bfnnone                   441
1701567677028488 - REPORT:         12                 five1five2rjftfiveseven                  51527
1701567677030485 - REPORT:        685             kvdttwozhzcjk685fourtwolrbmnknp              268542
1701567677032484 - REPORT:         33                  33srljnsfsxhfninensjh                   339
1701567677033486 - REPORT:          4                           lkc4                           4
1701567677037487 - REPORT:         35                 twotgnddfivefourcbfive35                 254535
1701567677038486 - REPORT:          4                     eight4qgthmpptkn                     84
1701567677041485 - REPORT:     759991                 7pqdkhhxqmtkcspmlc59991                  759991
1701567677043485 - REPORT:        552                 lvpbhlpdnvbqdzfmfktvn552                 552
1701567677045485 - REPORT:         49               fivefoursixdrscznhfivefive49               546549
1701567677047485 - REPORT:        439                        439nlvnine                        4399
1701567677048487 - REPORT:         43                 qqxfoursix4xlslqdjvpx3l                  4643
1701567677050488 - REPORT:          7                       bpknbhdtgst7                       7
1701567677054486 - REPORT:      64753                 6four4fourddkk7cdhmdjx53                 6444753
1701567677058486 - REPORT:       3849                3sevenseven8two4eightfive9                377824859
1701567677060486 - REPORT:        616                   zj6vmnq1pqrstfkznf6                    616
1701567677062485 - REPORT:          7                 7lxjzsevensixtddveightp                  7768
1701567677064486 - REPORT:        857            vbzrnzmcgvqkdrznhtblp8vjnxvs57five            8575
1701567677067489 - REPORT:          6                  six6eightzmhqvsjzseven                  6687
1701567677072486 - REPORT:        943                   9three4nnhqsstptwo3                    93423
1701567677075489 - REPORT:         96                  twofiverdjfc96dqzeight                  25968
1701567677077487 - REPORT:        893                six8bgmrplfeightonek93four                6881934
1701567677079485 - REPORT:          4                      sevennine4vzmf                      794
1701567677082487 - REPORT:      54673                   54five6gfour73jpkgt                    5456473
1701567677086494 - REPORT:       9288                   eight9288threeeight                    8928838
1701567677088486 - REPORT:       6618               gjkrnbtseven6618vktqpmhmnine               766189
1701567677090485 - REPORT:          3             onejmlgzhpzdfmmkkt3fourpjkjglsd              134
1701567677092486 - REPORT:         62               xqxkqjcsnine6eightxclnthree2               96832
1701567677093487 - REPORT:          4                  hmthhjbfivesix4gdxjbg                   564
1701567677095486 - REPORT:          3            sevenkpjrscqhmfone3zjhxgptlgknine             7139
1701567677097486 - REPORT:        354                      onerzbfive354                       15354
1701567677098487 - REPORT:        938                       9sldh38nine                        9389
1701567677101495 - REPORT:          9                    twonine9vqdzneight                    2998
1701567677103486 - REPORT:        724                          7one24                          7124
1701567677105487 - REPORT:          2          2fivesixtnhssqnrhbcxtchjbxspnvkcxbsfrf          256
1701567677107485 - REPORT:        994          kjpjqsnkrqnqpn99fpxfgmttxpxrd4twonebp           99421
1701567677108487 - REPORT:          8                 hhfrz8zbdjtjjjngcccctwo                  82
1701567677109486 - REPORT:         99              mjhvbhrmpmmmbzcmr9four9dczbrfg              949
1701567677110487 - REPORT:         99                        mnhbcdc99                         99
1701567677114489 - REPORT:       1117            11fivedpgmrxptconebdvhfbvfvxfive17            1151517
1701567677118488 - REPORT:         95                   fivegthreesixtwo9k5                    536295
1701567677121488 - REPORT:          7                 ninefourtwo7zjcsfhcfnine                 94279
1701567677123486 - REPORT:        652                           652                            652
1701567677126485 - REPORT:       1354                      five135eight4v                      513584
1701567677128488 - REPORT:        613            eight6hsjpkf13mhmkggqqvqdmrpcttvs             8613
1701567677130487 - REPORT:         68                fourxndjxvpgpthree6vjs8pkt                4368
1701567677132485 - REPORT:        524                lvkeight5nthreeskjqc24one                 853241
1701567677133488 - REPORT:          5                          5vmqth                          5
1701567677137486 - REPORT:       1917                1lmjpflgsix91fourlfldlgmn7                169147
1701567677138486 - REPORT:          3                jlpnxblthreebzztvrfg3done                 331
1701567677141485 - REPORT:         24              rrnxmsnptwoeight24threedqssix               282436
1701567677143485 - REPORT:         73              nfdcrtlb7eightsvhstfourcmrsix3              78463
1701567677145485 - REPORT:        944               nbslbqkmmfonellrfpmvjnsix944               16944
1701567677146486 - REPORT:          2                     seven2pcstwoqfg                      722
1701567677148487 - REPORT:          9                  six9nineninedpsixpqcl                   69996
1701567677151504 - REPORT:       5311                   two53mgfcbhmlpr1bl1x                   25311
1701567677153485 - REPORT:          8                   bdzvksix8mlhvvscvvc                    68
1701567677155486 - REPORT:         19                     seven1three9two                      71392
1701567677156485 - REPORT:         48                   4ninegvzqzbhckptwo8                    4928
1701567677158487 - REPORT:         53              5zspmjkssghgtgpdpg3threeseven               5337
1701567677160487 - REPORT:          6                      6fournineeight                      6498
1701567677161485 - REPORT:         74             eight7jsxmdsix4jcnmzhxnrczslgclj             8764
1701567677163485 - REPORT:         93           xjlmqfgd9sjvvhmxbnrpztrgtvgklzt3two            932
1701567677164485 - REPORT:        371                        3gkfgrz71                         371
1701567677166486 - REPORT:          4                        sevenfsix4                        764
1701567677171486 - REPORT:     845324                 one84532vkhbvfzpbthree4                  18453234
1701567677173487 - REPORT:        463                        46zhdmrrh3                        463
1701567677174485 - REPORT:          7                     eight7tdfbjnzqhs                     87
1701567677175486 - REPORT:         67                       rfqfl6nine7                        697
1701567677176486 - REPORT:          7                      nkpztmkbpqzn7                       7
1701567677177485 - REPORT:         86                        8mzprpmn6                         86
1701567677179487 - REPORT:        273               2threebntdqxfdonettbgnbx7cp3               23173
1701567677181486 - REPORT:        577                          5two77                          5277
1701567677183486 - REPORT:          7                       eight7three                        873
1701567677185507 - REPORT:          8    rhcbnrfslm8dqdthddqckonerclsshqhxpjdmgnmvsixgmqxt     816
1701567677187485 - REPORT:         92                          9five2                          952
1701567677189485 - REPORT:          5                  jkzntwo5fiveonetwonec                   255121
1701567677191488 - REPORT:         48                        48oneseven                        4817
1701567677192487 - REPORT:          7                     7fourlqptgfkone                      741
1701567677194487 - REPORT:          2                 six2hnlbhzxjjfpdeightwod                 6282
1701567677196487 - REPORT:         46                          46onel                          461
1701567677197487 - REPORT:         32                  przvrp3ninethreenine2                   39392
1701567677199486 - REPORT:          2                     tnine2chbvxbkbnq                     92
1701567677201501 - REPORT:          9                    sixjnbsrtrhg9twob                     692
1701567677205486 - REPORT:      58526                  knkdb5852fourfiveone6                   58524516
1701567677206485 - REPORT:          6                       6onevndbhone                       611
1701567677207485 - REPORT:          4                          4thqp                           4
1701567677210485 - REPORT:          2                         cpkbtl2                          2
1701567677212485 - REPORT:          6                   three6psqmcxphvtfhn                    36
1701567677214486 - REPORT:         42          two42ninevndsevenmljgncshctnjrvszhnkt           24297
1701567677215486 - REPORT:          2             threefrvxonesqkcjdlk2mrztrlttjvs             312
1701567677218487 - REPORT:        229              knvgqtqvn22jkjnxbxpkdfourfour9              22449
1701567677220486 - REPORT:        246                     24oneqnnnztsshx6                     2416
1701567677222487 - REPORT:         28              eighttbxsheight2phksevenptwo8               882728
1701567677224488 - REPORT:        841               seven8bvsnjhrl4hllmzbtlmone1               78411
1701567677227486 - REPORT:       1626                    three1626jvfqthree                    316263
1701567677229486 - REPORT:       9964                  bspdn9rfgnztqgkrkk964                   9964
1701567677230486 - REPORT:          9                      9kprlqsmxnine                       99
1701567677234513 - REPORT:         61              6fourfourninethreesixfourfive1              64493651
1701567677237485 - REPORT:          6                vkkggjljfxthreeeightseven6                3876
1701567677238487 - REPORT:          9                threefiverdvrtwo9tztjmghsz                3529
1701567677241487 - REPORT:      65273                      65rpk2six7six3                      6526763
1701567677242487 - REPORT:         83                        bfgmtntc83                        83
1701567677245485 - REPORT:         35          3four5gtdsnljslceightnmtfbktwojnvqfour          345824
1701567677247486 - REPORT:        784         78ctscpstjtcdrqnskhrzsddhrsthreesix4btxv         78364
1701567677249488 - REPORT:         29                  lmrscztwoxsgphp2five9                   2259
1701567677251489 - REPORT:          4                        eight4one                         841
1701567677252491 - REPORT:          1   tktpzntsffnpptpgmbndxhxskjlltpvbsvjrpmgbmdvjlqklnl1    1
1701567677253487 - REPORT:          8          8hdhqmskvpdppnthvdlctthreelxvssgqzzcql          83
1701567677256487 - REPORT:        631                eight6bjd3jbscchfnpqnine1                 86391
1701567677257487 - REPORT:         51                         r51three                         513
1701567677258485 - REPORT:          8                      dpgscvm8eight                       88
1701567677259486 - REPORT:          6                          6sbgzk                          6
1701567677260487 - REPORT:          5                       two5rflnshkn                       25
1701567677261487 - REPORT:          2                     zrplqqseven2ones                     721
1701567677264488 - REPORT:          6                fiveeightsevenfive6onetwo                 5875612
1701567677267487 - REPORT:       8592                crjtrkcl8five592mkddrseven                855927
1701567677269488 - REPORT:          1                    fiveone1qgrdzkgnv                     511
1701567677270487 - REPORT:         38                        3svvtjmq8                         38
1701567677272487 - REPORT:          1             fivethreeninenine1skhctbxcckztkq             53991
1701567677274486 - REPORT:         71               threeppn71threelfourvpqfour                371344
1701567677276485 - REPORT:          9                      ninetwoseven9                       9279
1701567677278488 - REPORT:          1                           1xb                            1
1701567677280485 - REPORT:          9                       xspkbeight9                        89
1701567677281487 - REPORT:          9                   9onesixthreexjlscbx                    9163
1701567677283487 - REPORT:         38                 fj38vxpmlccfivemsmdqfour                 3854
1701567677286487 - REPORT:          6               6twonvpxtkhlcpfvsgjonethree                6213
1701567677289489 - REPORT:          3                fivefiveninesixninethree3                 5596933
1701567677291487 - REPORT:        262                         26four2                          2642
1701567677293485 - REPORT:          8                    d8hhbbgfoursixfour                    8464
1701567677294488 - REPORT:          9           hdkqlhzs9hqcffcnzgsmhninegzhxthfivev           995
1701567677298487 - REPORT:        918              onefourone9eight1sixdftmmzmj8               14198168
1701567677301503 - REPORT:       1259                 qpnxmtl125eightsix9four                  1258694
1701567677303486 - REPORT:          2                ninefourvnxlmjp2fhdhzbcncs                942
1701567677306488 - REPORT:        229                ninerhqpddslsh22sevennine9                922799
1701567677307485 - REPORT:       3312                         33vdj12                          3312
1701567677308485 - REPORT:          2                         2vqeight                         28
1701567677310487 - REPORT:          6              vbkfgbgflskxcfivefourzxvcbdj6               546
1701567677311487 - REPORT:         61                       6gssbzzgvb1                        61
1701567677313485 - REPORT:        668                 6hmnkjfksrdmjhnqfv6five8                 6658
1701567677316487 - REPORT:       9296                    92fouronefivebs96                     9241596
1701567677319486 - REPORT:         28                        2twofive8                         2258
1701567677320488 - REPORT:         45                    mkkplqtjmfive45ddh                    545
1701567677322487 - REPORT:        933                     fgtf933lgbxcnjv                      933
1701567677323484 - REPORT:        656                  tsmbtnst65fpcsxcljbc6                   656
1701567677325487 - REPORT:          4               4dthreetpbqbjvlrnineseventwo               43972
1701567677327485 - REPORT:       3334                           3334                           3334
1701567677329487 - REPORT:         85                          85five                          855
1701567677331485 - REPORT:        626                    62twomcnnj6fourhj                     62264
1701567677332487 - REPORT:          4                        fiveeight4                        584
1701567677335494 - REPORT:          9                sevenstxmqfdlp9threeeight                 7938
1701567677337487 - REPORT:        552                      55jnkhjh2hnqf                       552
1701567677340487 - REPORT:          7               xvrrqtr7onefouroneeightseven               714187
1701567677341485 - REPORT:         66                     66btjrmvsfiveqpx                     665
1701567677343487 - REPORT:          1                1jbzjcsevenninerpdhfvjrrg                 179
1701567677345485 - REPORT:          1                 1tsixsixdxqfdhpbsixthree                 1663
1701567677346486 - REPORT:          9                      h9twobfmqltwo                       922
1701567677348485 - REPORT:         74            eightrqlgqbmdcj7fourjbfourptdprg4             87444
1701567677351502 - REPORT:         68              6c8gbxxdhtxcxxgdntgsfninetwoqm              6892
1701567677354488 - REPORT:         67                    67foursixgshpnxpsb                    6746
1701567677357487 - REPORT:        461            gxfnbbrrfour4hdnzznc6five1threermh            446513
1701567677359485 - REPORT:         35             eight3fpqnbfbghshhkqmzmtkseven5              8375
1701567677360487 - REPORT:          5                       g5threenine                        539
1701567677363486 - REPORT:       3469               fivedseven3three469vjzmbklbm               5733469
1701567677365486 - REPORT:         96                 gxpktrpseven9kqbgvgqnqs6                 796
1701567677368490 - REPORT:         64                          one64                           164
1701567677372486 - REPORT:         55                      5threerxbfive5                      5355
1701567677373486 - REPORT:         91                    9ghdszvpbbldztqb1                     91
1701567677374487 - REPORT:          1                      1xkzdblrpcjtwo                      12
1701567677377487 - REPORT:       3588                  smcnpxg3one58ttdsstwo8                  315828
1701567677381486 - REPORT:       9781               fourjhqxgjrms9oneone78four1                49117841
1701567677386493 - REPORT:      96652                 9two6rxrrxlzc6tmzmxs5lq2                 926652
1701567677388488 - REPORT:          9        onebnfnc9fqgczzdxczheightfrvrsixjcxhntbmk         1986
1701567677390488 - REPORT:         82               8twofivezmnssevenlfxzcqmqtt2               82572
1701567677392488 - REPORT:         38             threepnp3hdvphnthree8seventhree              33387
1701567677396488 - REPORT:       4417                 three441seven7fourthree                  34417743
1701567677398485 - REPORT:         99                     99rvhgrxfsixfive                     9965
1701567677403491 - REPORT:         48                      zvtwone4three8                      21438
1701567677405487 - REPORT:        584                       5nine84eight                       59848
1701567677407486 - REPORT:          8     crtztqjdmninesevennflskqgzrvsixqrthzhmnxsjzstj8      9768
1701567677411485 - REPORT:        931              sevenntxmdvhb931sevenninethree              7931793
1701567677414485 - REPORT:     919897                 kxfk91fivehqgntfdhrj9897                 9159897
1701567677416487 - REPORT:          5                         seven5p                          75
1701567677419489 - REPORT:         13                        three1nh3                         313
1701567677421488 - REPORT:        221                      gjdv22two1twoq                      22212
1701567677423486 - REPORT:          2                       2twonnjthree                       223
1701567677424487 - REPORT:          4             dlhmbplgqthreeonergqmxbbzzlvvmn4             314
1701567677426488 - REPORT:         69                        6twohldcs9                        629
1701567677427487 - REPORT:          6                      6fourpjnztmqt                       64
1701567677430486 - REPORT:       1252            threephjblksrhk1mzcfpvqx2mdlprtg52            31252
1701567677431486 - REPORT:          5                           fmg5                           5
1701567677434492 - REPORT:        231                    bgxd2dvlnstwo3six1                    22361
1701567677438487 - REPORT:        647                   gg64onerksrfour7four                   641474
1701567677440488 - REPORT:         47                 eight47ppeightsevengpzkn                 84787
1701567677442486 - REPORT:        922                       92mzfive2jh                        9252
1701567677445489 - REPORT:          8               sevenjrnine8fivesixfivefour                7985654
1701567677447485 - REPORT:        869                         zmzxq869                         869
1701567677449487 - REPORT:         25               rjpgzqmsixninebvjkmb25seven                69257
1701567677451488 - REPORT:          9                       9dfxrrfbqpr                        9
1701567677454487 - REPORT:        227                five2nine2rzps7twozkdjmbnc                529272
1701567677455488 - REPORT:          9                          hsrpc9                          9
1701567677458485 - REPORT:        872                vsqfourgdkrzkf87four2seven                487427
1701567677461486 - REPORT:       9423                  two9eighteight42four3                   29884243
1701567677463486 - REPORT:        937                    eight9threefive37                     893537
1701567677465488 - REPORT:        892                      twobpdzktzm892                      2892
1701567677468497 - REPORT:         31                      3lldqhone1six                       3116
1701567677471487 - REPORT:        847                     six84nineseven7                      684977
1701567677472486 - REPORT:          7                     nine7xtjqzqbxvx                      97
1701567677474487 - REPORT:         48                 48twoeightthreepbjdmblzt                 48283
1701567677475485 - REPORT:          5                       5rzczxmeight                       58
1701567677477487 - REPORT:        851                      seven85seven1                       78571
1701567677478484 - REPORT:          9                    threezfjzttheight9                    389
1701567677482487 - REPORT:        737              7fourthreenine3qfchk7eightone               74393781
1701567677486488 - REPORT:       9157                       9h157ggstjh                        9157
1701567677487487 - REPORT:          2              lxmhllvjxzsevenntnzrnkdjfive2               752
1701567677489485 - REPORT:         64                 64dzxxpgjcvhqkpzfivecjg                  645
1701567677491487 - REPORT:         32           3hfllvslrdgfiveckxgkzstqseven2seven            35727
1701567677492485 - REPORT:          3                       four3fiveone                       4351
1701567677494488 - REPORT:        926                       two9eight26                        29826
1701567677496486 - REPORT:          9                         lsix9two                         692
1701567677499486 - REPORT:        824         two8sjvpnn2dpqhpfzgmthree4sevenblsmlfppg         282347
1701567677502502 - REPORT:         96                 t9fdsgpmsghlp6ninesixsix                 96966
1701567677504485 - REPORT:          9                         9twonezk                         921
1701567677506487 - REPORT:       5381                 53fthcvkktx8eight1vkhrp                  53881
1701567677508486 - REPORT:         53                    fmslbnseven53four                     7534
1701567677510485 - REPORT:        486                kjtwone486onefqdklnpdgone                 214861
1701567677511485 - REPORT:          5                        5threeqvkz                        53
1701567677514487 - REPORT:          5                 ftwone5sthreegcdfivefour                 215354
1701567677516487 - REPORT:          5                    nine5sixhjconesix                     95616
1701567677521488 - REPORT:      45454                454eight5vsggjtjcxttndvg4                 454854
1701567677523488 - REPORT:         83                         six83hk                          683
1701567677525488 - REPORT:         58               5eightfourpzv8bjbbeightwopp                584882
1701567677528487 - REPORT:        795                       79nine5eight                       79958
1701567677530487 - REPORT:      11373                   1sixsqcpdmpqbg137ll3                   161373
1701567677532486 - REPORT:         64                      fsdbv64sixlpdd                      646
1701567677535496 - REPORT:         59                          nine59                          959
1701567677537488 - REPORT:         32                         vvnmt32                          32
1701567677541485 - REPORT:        631             eightsevennxcvvnqsix63four1eight             87663418
1701567677542487 - REPORT:          6                 sixcgtlvnmvjmcqkkxxbtjv6                 66
1701567677543485 - REPORT:          6                        ninenine6                         996
1701567677544485 - REPORT:          5                     5fhrsbvdjggnine                      59
1701567677546487 - REPORT:          7                    twodkgtdghmjthree7                    237
1701567677548487 - REPORT:         71              zqkgbnqsixlqlbbhpdkvfourfive71              64571
1701567677551489 - REPORT:         53                     nine5four3twoneg                     954321
1701567677554487 - REPORT:        971                lxdpz971nfdsevensevenkjrzf                97177
1701567677555487 - REPORT:         25           2rkpbfphxjnnjkcpcphdpkkqbpjrbtqzmd5            25
1701567677558487 - REPORT:         72                pqftnsixjrxqf7six2threeone                676231
1701567677562487 - REPORT:       8145            six8d145twoqcgkllqmkxmqphoneightt             68145218
1701567677563485 - REPORT:         25                         seven25                          725
1701567677565486 - REPORT:          5                    5sevenonednlhseven                    5717
1701567677567496 - REPORT:         58          nkkfsl58xpdbqtptponethreempcxbkqqfbbml          5813
1701567677569503 - REPORT:         42                          4fgk2                           42
1701567677571487 - REPORT:         94                   9bxtjskxkhfmz4seven                    947
1701567677574485 - REPORT:        783             one78lpplzpbxcxseventwotwo3eight             17872238
1701567677578485 - REPORT:       8133            fbmqtp8one1gqmc3tzdqlnn3eightwoddf            8113382
1701567677579486 - REPORT:          2                            j2                            2
1701567677581486 - REPORT:          5                  5sixsixnineonesixddpvf                  56691
1701567677582487 - REPORT:          8                         8xdnpczh                         8
1701567677584506 - REPORT:         72                7nfmgjjlonesixbfpmxvvcvf2                 7162
1701567677586486 - REPORT:          4                           4mnc                           4
1701567677587489 - REPORT:         78                          7qjbl8                          78
1701567677588485 - REPORT:          7                          c7fhtx                          7
1701567677589487 - REPORT:         76                 lntmsfrbxtbbg7threexrd6                  736
1701567677591487 - REPORT:         43                      fiveseven4two3                      57423
1701567677593486 - REPORT:         34                    hmmdbzp3three4five                    3345
1701567677595488 - REPORT:        536                 seven5rdkcdh3sixtwo6tql                  753626
1701567677597487 - REPORT:        156                 nine1xglps5zzpztmcm6six                  91566
1701567677601487 - REPORT:         61          6fourfhxqkhqxeightonejcstpxklkbmk1two           648112
1701567677603486 - REPORT:        888             jreightgbpl8mmglzxjz88ztfnlhgvrz             8888
1701567677605485 - REPORT:         51                     5dcfive1ninenine                     55199
1701567677607485 - REPORT:          8                      twoxkgjbqrmzj8                      28
1701567677608485 - REPORT:         36                      one3kkxhrgskh6                      136
1701567677610488 - REPORT:         11                 seven1mhkseven1zdlvnnxxk                 7171
1701567677611486 - REPORT:          7               sevenonehpkqqxpshttrqcctsxp7               717
1701567677613486 - REPORT:         43                 43hdvhgconethreetsbjrkf                  4313
1701567677614485 - REPORT:          3                   xsmvfpnzpthreeqlpnf3                   33
1701567677616488 - REPORT:        216                      rjhpbsz21six6                       2166
1701567677620487 - REPORT:       4271                     onesix4271xgvsbd                     164271
1701567677622484 - REPORT:          4                         4gqnine                          49
1701567677624487 - REPORT:      51616                    516twoseven16vmbl                     5162716
1701567677626485 - REPORT:          8                  twosixnine8mnmdjthree                   26983
1701567677628485 - REPORT:        758                      nine7twonine58                      972958
1701567677630485 - REPORT:          4              4hnslsrxnslrmvmlninethreejcjxn              493
1701567677632487 - REPORT:         48          knsnrdzbcmonetwo4nine8ghzndvjqdxgbzlq           12498
1701567677634497 - REPORT:        619          dkpnfpnpp6pqfclgqhsq1rjmsjcbdxxxxvff9           619
1701567677637486 - REPORT:         59             pxnkbkvfiveltvnrpmdg5eightthree9             55839
1701567677639485 - REPORT:         91                       91vbnvfmdjjt                       91
1701567677641486 - REPORT:        341                    vpqxgzqlknttwo341                     2341
1701567677642487 - REPORT:          5                   5jlpdhzronetwonevvh                    5121
1701567677643486 - REPORT:          6                     6rhkxqjsznjhspm                      6
1701567677644487 - REPORT:          2                  nmzsevenkgtb2cptrfhjfd                  72
1701567677646488 - REPORT:         75                    ds75sixthreethree                     75633
1701567677648486 - REPORT:          9                   hhhnptkcx9bpvkjlzpm                    9
1701567677651488 - REPORT:         84                      ctptntzjfive84                      584
1701567677654487 - REPORT:        943                  cpxb94one3threeclrnsix                  941336
1701567677656486 - REPORT:        578                  ninedtjmdsmcg5eight78                   95878
1701567677657486 - REPORT:         74                         74rbrvt                          74
1701567677659486 - REPORT:        241                         2four41                          2441
1701567677662486 - REPORT:          7            sixgpqmtkfdhz7sevenkcnonetwonemcp             677121
1701567677663487 - REPORT:        357              lshcphmjvcqdtzbh35rvvsphj7twok              3572
1701567677665486 - REPORT:         42            clqbqvtdjpzgkqpfour4plkpsxkcnscnx2            442
1701567677667498 - REPORT:          4               nflseventhreembkbnclftn4ksdc               734
1701567677668497 - REPORT:          4                       lljjndhone4                        14
1701567677672486 - REPORT:          7               krcthreeseventwofour7oneone                3724711
1701567677674487 - REPORT:        276                      dpjhm2three76                       2376
1701567677676487 - REPORT:        317             npqtwone31tsgfbbtjtnshhtjvvnfb7              21317
1701567677677487 - REPORT:          5                       5sixthreesix                       5636
1701567677679485 - REPORT:        617                  6cjzsix17onehbgdftzmxc                  66171
1701567677681488 - REPORT:         56                tpmkqthreesxhzsfqfjv5five6                3556
1701567677684487 - REPORT:         98          9eightkxkpqtoneffxseven8jfdbcsmclxjbr           98178
1701567677686489 - REPORT:          7                  threelz7zdcqlntmtlstbx                  37
1701567677687487 - REPORT:          3             nine3mtwotvmsctzlhtgcgxrmxkseven             9327
1701567677689487 - REPORT:         86                      prtwone86seven                      21867
1701567677691486 - REPORT:        262                      nb2eight62zff                       2862
1701567677693486 - REPORT:          6              fourfourmmlqjczfour6foureight               4468
1701567677694485 - REPORT:          3                    3gjjsppmmjrtrseven                    37
1701567677697487 - REPORT:         36         3vcbjsmpbgfttczrseven6bsngjeightseventwo         376872
1701567677698485 - REPORT:         15                1dbhsix5sixtbxccqqvsvjttm                 1656
1701567677701488 - REPORT:          7                    csbsthreethreeone7                    3317
1701567677703486 - REPORT:          8                           spt8                           8
1701567677704487 - REPORT:        521                         five521                          5521
1701567677709485 - REPORT:      53699                 eighttwo5three369eight9                  825336989
1701567677710489 - REPORT:        538                          53ck8                           538
1701567677713486 - REPORT:       5694                  569fdxfvtninesdbnvtwo4                  569924
1701567677715487 - REPORT:          6           sevenvvctrsjpvgzphgxblm6sixfourfive            76645
1701567677718507 - REPORT:        615                     seven6xtcdkmqf15                     7615
1701567677721485 - REPORT:       8233                twothree8233eightqhhpkrcjq                2382338
1701567677722486 - REPORT:         87               bpmmvdqtvqsfqqdzmjl8six7four               8674
1701567677724487 - REPORT:         85                 8twodktpzlvmqpgrfbbsix5                  8265
1701567677728485 - REPORT:      87125                 bqfmkthreeseventwo87125                  37287125
1701567677731488 - REPORT:       2749               qbdttlgc2onehtf749skzfslflbt               21749
1701567677736491 - REPORT:        798             seven79jbrh8threefivetwovgqphzpq             7798352
1701567677738488 - REPORT:         27                    skxcbtvbcll27fprcg                    27
1701567677739486 - REPORT:          1                         dtknkdx1                         1
1701567677741486 - REPORT:          2                 twozqjbmhmjoneeight2five                 21825
1701567677745487 - REPORT:       5484                5mzscs4twonineeight8four4                 54298844
1701567677746487 - REPORT:        698                           698f                           698
1701567677748487 - REPORT:          3                   twothree3eightklssg                    2338
1701567677753487 - REPORT:       1853                   two1kchxfqsixdrc853                    216853
1701567677756486 - REPORT:         94           9one4dzpqnineonexnzsvpplqgmtclfqfour           914914
1701567677757486 - REPORT:          1                    hskt1twozqvkxeight                    128
1701567677760487 - REPORT:         68                6fkpgsdchnrkgthreetwotwo8                 63228
1701567677762485 - REPORT:         41                hvnczltjleight4eight1mjsix                84816
1701567677763487 - REPORT:          7                  ltwo7bmbdjlmlpvjxlttmb                  27
1701567677765486 - REPORT:        922                    9sixninermdsjhg22                     96922
1701567677767493 - REPORT:          1                      rtgnjpbxtfznt1                      1
1701567677769498 - REPORT:          4                       btdtnhtdkc4                        4
1701567677772487 - REPORT:        872                87eight2htsvgvzxqvhsevenvk                87827
1701567677774485 - REPORT:        619                   6sixsix1dgszxseven9                    666179
1701567677776487 - REPORT:       1992               1rljjnxckl9bdlptqnqcmnine92                19992
1701567677779487 - REPORT:        328                  three3two28fivevsevenb                  3322857
1701567677781488 - REPORT:        666                  6ksfhxqndcccg66nmmbnz                   666
1701567677783488 - REPORT:          4                       ktqskd4five                        45
1701567677785496 - REPORT:          6                         pcvlhhz6                         6
1701567677788486 - REPORT:         63                 three6three3onesfjvkrjt                  36331
1701567677790488 - REPORT:         74                        fourfour74                        4474
1701567677793485 - REPORT:       6844                txeightwo6gcc8seven44sixg                 82687446
1701567677795486 - REPORT:         79                   79hphfdplrsgonefour                    7914
1701567677798487 - REPORT:          9                    nine9twothreeeight                    99238
1701567677800488 - REPORT:         52                      5h2eightwosmd                       5282
1701567677804488 - REPORT:        875                     8threeb7nine5cr                      83795
1701567677806487 - REPORT:        528                       eight528two                        85282
1701567677807488 - REPORT:          2                      fsfzrmlz2nine                       29
1701567677808486 - REPORT:          8                       8vspddjbhlfn                       8
1701567677811485 - REPORT:       6445                   64ljd4rtnbtwo5vnine                    644259
1701567677813485 - REPORT:          4                   onesixninezggthree4                    16934
1701567677815485 - REPORT:        847                     one8sevenseven47                     187747
1701567677820488 - REPORT:      23845                     three238eight45                      3238845
1701567677823486 - REPORT:        251                    one251onextjqxztm                     12511
1701567677824487 - REPORT:          1                 lsqrvsgnxh1bxxchgjeight                  18
1701567677826488 - REPORT:         41               eight4gdfvltlmn1sixllsbcqpnx               8416
1701567677827486 - REPORT:          7                      five7smrlbtbk                       57
1701567677829487 - REPORT:          3                       frcpffjkhp3                        3
1701567677832493 - REPORT:        228              ninesix2f2smlspljlqseven8jtfml              962278
1701567677833494 - REPORT:          1                        1gsvrpkjl                         1
1701567677836493 - REPORT:          5                     5ninethreejpnbm                      593
1701567677838493 - REPORT:      46735                       4vdmjth6735                        46735
1701567677841491 - REPORT:       1355             eightmnlvzszqtjfour1rphtmntlk355             841355
1701567677845545 - REPORT:       6899            joneight6six8qgtlffcpbvrcf9xsnvgt9            1866899
1701567677848547 - REPORT:          3  gfqtnbbzrkfivelmmnmztdgeighthzfbzmpfnztwoxzzpjcsvfive3  58253
1701567677852546 - REPORT:          1                threevpgmhleightsevenfive1                38751
1701567677854546 - REPORT:         14          ninevmdknklvgbbmsdcmvjzcfcbeightrfmv14          9814
1701567677855546 - REPORT:         98                           98cb                           98
1701567677858544 - REPORT:       8858                 8one85jpdlsmdpzskjz8two                  818582
1701567677859543 - REPORT:         66                         6three6                          636
1701567677860545 - REPORT:          1                         fpnine1                          91
1701567677862544 - REPORT:          5                 5threelonemfbqvssxkbmglt                 531
1701567677863544 - REPORT:         15                     1zkxhjh5fournine                     1549
1701567677865543 - REPORT:          3                twoxbczzqhcthree3sixeight                 23368
1701567677867552 - REPORT:          4                     4gdktpzlxzkxnine                     49
1701567677871545 - REPORT:         86            ninefivenineplttv8seventwoggsmztd6            9598726
1701567677873545 - REPORT:        377                onepr3qpzf7seveneightfour7                1377847
1701567677876543 - REPORT:        231      tdfpsssrczgzgmxlpmqb2zjjllrqstnine3threemqtzz1      29331
1701567677879542 - REPORT:          4           sevenninetwohsztwomvzdrdtsz4seventwo           792247
1701567677880545 - REPORT:        216                   2lgsljspp1kpjpjh6six                   2166
1701567677882544 - REPORT:         85                      hz8four5lkcxzr                      845
1701567677884547 - REPORT:          8                   hgcmhgftpspbhcj8four                   84
1701567677888545 - REPORT:        267          three2bdstsvsskx6hjhmxlhnonefour7eight          3261478
1701567677890543 - REPORT:      31759                     3175cxbsg9eight                      317598
1701567677893544 - REPORT:        897                       one89twoone7                       189217
1701567677894544 - REPORT:          7                       cjjztqb7two                        72
1701567677896545 - REPORT:        768         7fzkbxrvseven6fbvgmckvjrlklqhlnsevenone8         776718
1701567677897544 - REPORT:          4                          dfctz4                          4
1701567677898543 - REPORT:          7                cpbfshrsixhjnfcbfmd7gdhhzx                67
1701567677900548 - REPORT:          1                     seven1pbrzmtflvh                     71
1701567677903546 - REPORT:        637                   fdchrzgzdsix63three7                   66337
1701567677907542 - REPORT:        421               three4dckqnone2two1eightwoq                34122182
1701567677909545 - REPORT:        947                    two9khrvjmvg47hsn                     2947
1701567677911543 - REPORT:         15               cdgpvclmngsixfshzlm15jsnrths               615
1701567677912543 - REPORT:          6                       jqztnseven6                        76
1701567677914543 - REPORT:         55                  seven55seveneightwodc                   755782
1701567677917554 - REPORT:         99               sevenff9onernhzsix9eightjdcc               791698
1701567677919544 - REPORT:          9                      threeeightps9                       389
1701567677922544 - REPORT:         91            six9threevmgplqhzrncgkmqjnine1one             693911
1701567677923543 - REPORT:          6                        three6six                         366
1701567677925543 - REPORT:        419                  419zzsjzqvkkzrpnszbvg                   419
1701567677926543 - REPORT:         87                      8fourthree7two                      84372
1701567677929544 - REPORT:         26               sixfivefmhrttsqfz2eight6two                652862
1701567677930546 - REPORT:        286                           286                            286
1701567677931544 - REPORT:          2                    xvxhrfiveftnlkmcv2                    52
1701567677935549 - REPORT:          6          fourfour6eightninedkgxbkninexgncmkfqp           446899
1701567677937544 - REPORT:         13                 ninekqjc1dvxtxdvzfgcph3                  913
1701567677938544 - REPORT:          8                          8hnnqm                          8
1701567677939545 - REPORT:        849                     gkzzmhbdqfour849                     4849
1701567677941542 - REPORT:         95                     95fjtrfourseven                      9547
1701567677942544 - REPORT:          5                         seven5rh                         75
1701567677944544 - REPORT:         27            five2bbqmnkkq7sixchcgslsevenvkmpfg            52767
1701567677945543 - REPORT:          1                  knlfive1fpsevenmbcnqb                   517
1701567677947543 - REPORT:         52             qpjxzbninejrgmvxpslk5rlfmrdmfbh2             952
1701567677948546 - REPORT:          9                       9sixgqxdlcx                        96
1701567677950547 - REPORT:         19                     19sqlbrngnvfqmzd                     19
1701567677951548 - REPORT:          3                          tjdg3                           3
1701567677953544 - REPORT:          1                  cmkpfivekzfhone1hxpbb                   511
1701567677955543 - REPORT:          3                        fiveseven3                        573
1701567677958544 - REPORT:         42             dxthreethreeninetwoeight4three2              3392842
1701567677959544 - REPORT:          6                            6j                            6
1701567677960545 - REPORT:         59                          nine59                          959
1701567677964544 - REPORT:       7822                  7seven8one22knqdsixone                  77812261
1701567677965543 - REPORT:          5                       sixtzbkscdt5                       65
1701567677968558 - REPORT:         44                  nine4gfxtrlzcd4twoone                   94421
1701567677970545 - REPORT:        277                       2seven7nine7                       27797
1701567677971545 - REPORT:          5                     fourpksdzztmll5                      45
1701567677973543 - REPORT:          2                      2dgqoneoneone                       211
1701567677974545 - REPORT:         11                   khzx1seven1cpkzvjtmv                   171
1701567677976545 - REPORT:         86                     fiveseven8three6                     57836
1701567677978544 - REPORT:          8           rrxkljtthreefoureight8hpxmmnjctthree           34883
1701567677980545 - REPORT:         21                  2sixzcchvknspqdjthree1                  2631
1701567677981545 - REPORT:          1                   nnl1rnrhxprnlctwoone                   121
1701567677983545 - REPORT:         28                       qsbgz28nfive                       285
1701567677986546 - REPORT:         11                   clqtchqnvrvv11eight                    118
1701567677987545 - REPORT:          5                  tvhrpxkbvpfiveonesix5                   5165
1701567677988543 - REPORT:         37                        qhjqmqpm37                        37
1701567677990544 - REPORT:       1748                           1748                           1748
1701567677992542 - REPORT:         23               23sevenhnrvlvjhbfrxvhfthree                2373
1701567677994545 - REPORT:       1884              1sixdnrnkb88fbrndqcphxrzlgjvf4              16884
1701567677996545 - REPORT:        891               8qlhmjsqzms9two1ffourcdlpssq               89214
1701567677998543 - REPORT:       5573                           5573                           5573
1701567678000550 - REPORT:         76                         eight76                          876
1701567678002557 - REPORT:          7                        7qxcrrldb                         7
1701567678004543 - REPORT:        535                        5zseven35                         5735
1701567678005545 - REPORT:          1            nxkqrsmth1tmrvszjcceightlnzgfdnine            189
1701567678008546 - REPORT:          2     fourqrkrsrzltnqcgnmnpptwo2zmgnlthreeeightxnxgmgd     42238
1701567678009545 - REPORT:         16           gnlqqtwo16xsxhrxthdltpxssnvfjqtrkfm            216
1701567678012545 - REPORT:         51        njlpbqsixfour51eightpnzzfmfksevenvpgnmkqd         645187
1701567678013545 - REPORT:          7                      two7xbhhbjrrp                       27
1701567678015544 - REPORT:        416                          41two6                          4126
1701567678019554 - REPORT:          9             sevenseven9xnlrnzlrnxfourjzsjfds             7794
1701567678020544 - REPORT:          8                 frfdzkxhckdxtp8twokfour                  824
1701567678022543 - REPORT:        425                         42ctfq5                          425
1701567678023544 - REPORT:          5                       gxjmvxdprr5                        5
1701567678024544 - REPORT:          1               sixsixeightvvplxddrdnngdxj1                6681
1701567678026543 - REPORT:       9894                       989ffgvq4vpv                       9894
1701567678028545 - REPORT:         95                ninecgtlfts9g5onebssmzsbnf                9951
1701567678031544 - REPORT:         37            3sixfourxltwopmdsrjscrh7dggvqhfour            364274
1701567678033546 - REPORT:        598                    5jktwo98jksfqbdbbt                    5298
1701567678036546 - REPORT:         72           fivemrrctsj7csqspbbnk2vtvlmnbdksfour           5724
1701567678039545 - REPORT:       8321                832nine1sixzbtkxzqthreetwo                83291632
1701567678041543 - REPORT:        114                     1jbrv1rzhgtwo4c                      1124
1701567678042544 - REPORT:         79                         eight79                          879
1701567678045543 - REPORT:        388                   3meightseventwo8one8                   3872818
1701567678046545 - REPORT:          9                     qtkzxf9gmdqkgqcc                     9
1701567678047543 - REPORT:          8                   vllkztxsjqsg8fivetwo                   852
1701567678050550 - REPORT:        573              5twohjzgcrhgpkfour7zkpngbbpj3               52473
1701567678052553 - REPORT:          7                   7nggrljjllnineeight                    798
1701567678055546 - REPORT:       1784                      sixone17nine84                      6117984
1701567678056544 - REPORT:         55                      5fourbnrpsnk5                       545
1701567678059545 - REPORT:         79                eightnghj7threethreeeight9                873389
1701567678060543 - REPORT:        956                           956                            956
1701567678062543 - REPORT:         25            eight2grdnqrvhlt5ptlqjqzbsixseven             82567
1701567678064542 - REPORT:         47                4bgzdpbnmcone7rxdqjbmbsix                 4176
1701567678068547 - REPORT:       9195                       9ninenine195                       999195
1701567678071544 - REPORT:        493               cflqvgs4six9kjhkmqhnn3rqmpc                4693
1701567678074545 - REPORT:     251112                     25sbdjjnphsr1112                     251112
1701567678076546 - REPORT:          7                     two7jxxzxronesix                     2716
1701567678077545 - REPORT:          7                     gnzzkvjcxzonen7                      17
1701567678079546 - REPORT:         53                 ninextxskkggr5nine3ckkfd                 9593
1701567678081544 - REPORT:         62      pmkxbttdbllqqxfeightsix6fmmbltphngpmzbtsbbcq2       8662
1701567678083548 - REPORT:         45                      4eightvthfour5                      4845
1701567678086545 - REPORT:          7                  eightksbjldxg7sixfour                   8764
1701567678089545 - REPORT:         77                   sixghvhqmthree7nine7                   63797
1701567678090546 - REPORT:          1                     zzjblxhvmltjqs1                      1
1701567678092544 - REPORT:        553        tslmgqfdt5eight53hmhlfzsvszthqmhxkmfhbxlm         5853
1701567678095544 - REPORT:      54811                   5sixzbczjtjg4nine811                   5649811
1701567678097545 - REPORT:          8                fourtgpmfourthree8ninecfd                 44389
1701567678101548 - REPORT:          5      hqnpxjtpnsxqpfzvgmshfmntwothreetwovzgphgfsix5       23265
1701567678104544 - REPORT:        713                  qjbdronetwo7five1hnf3                   127513
1701567678105544 - REPORT:          3                      3xmvlpkvqcctwo                      32
1701567678109546 - REPORT:          8                cgkninefoursixtwosix8eight                9462688
1701567678110544 - REPORT:          4              csvnsvtshrpdpkxqeightcsl4cmpn               84
1701567678115544 - REPORT:        861           hzoneightthreefour8threekppfivezl61            183483561
1701567678121544 - REPORT:       3276                  327onenineseventwosix6                  327197266
1701567678123546 - REPORT:         66                        eightone66                        8166
1701567678125546 - REPORT:         71                71oneddkhbdfourrjmskvdslx                 7114
1701567678126544 - REPORT:         12                    dbv12ctlrgxbbmsix                     126
1701567678130545 - REPORT:         53                one5five3fourtwozgnhseven                 1553427
1701567678135554 - REPORT:         43               sz4kljvrjf3sixxfivefivefive                43655
1701567678138544 - REPORT:         69              tlvl6jttfznmthree9ljbqfdgfdhd               639
1701567678142545 - REPORT:         84             gbdeightsevenninenine84ltblttwo              8799842
1701567678144546 - REPORT:         59            fourjrbs5fiveonejhvzsl9nsxnmlnmjt             45519
1701567678146545 - REPORT:         42                       4three2spkj                        432
1701567678148544 - REPORT:          9         fourbvmblbpkqjsfbssevensixsgrqnfpmj9vtx          4769
1701567678149545 - REPORT:          2         xgtzdmdgflmtdjvmqkbsvdxvbrcpdlmbptmljl2          2
1701567678152545 - REPORT:         95                    fourlcbxq95sevenr                     4957
1701567678156545 - REPORT:      23763                   2sixfcqfgbtz3nine763                   2639763
1701567678157544 - REPORT:         14                          one14                           114
1701567678158546 - REPORT:          4                          l4six                           46
1701567678161545 - REPORT:        394            3tjxghncvg9qcrzsbzccvfhsvzcseven4             3974
1701567678163543 - REPORT:          9                    seven9spzeightsix                     7986
1701567678165545 - REPORT:        738               xzbeightwozvp7six3sqsxdhnm8                827638
1701567678169554 - REPORT:         75                  75stwofivefvnjtktztwo                   75252
1701567678171544 - REPORT:        188             1msqj8ninepnsjbjxmzpdgcd8ttcnlzk             1898
1701567678173543 - REPORT:         89                  fvmxntfmxxf8fivepcqn9                   859
1701567678174543 - REPORT:          1                      fkjkszt1seven                       17
1701567678175545 - REPORT:         38                   3xkjvbjz8htrzhzkzmr                    38
1701567678179543 - REPORT:       2922         2jktmfjbzdkpvzkpcqv9cpprlghqzdfive2five2         295252
1701567678181545 - REPORT:         87                     ltmhdxkscptwo87                      287
1701567678184546 - REPORT:       5667                  hxhkjeight5seven6c67rj                  857667
1701567678227544 - REPORT:      89158                  sbzvthree891ztc5four8                   3891548
1701567678228546 - REPORT:         47                one4ngsvv7nfblcrjzjsgkknrx                147
1701567678231545 - REPORT:        841                jrb8one4qjjbvvcxrhfsslvq1                 8141
1701567678238548 - REPORT:        655                        6two5one5                         62515
1701567678242544 - REPORT:         61                  threesonecheightnine61                  318961
1701567678244544 - REPORT:          9                    fzppx9sixgonefour                     9614
1701567678246545 - REPORT:        641                  6fvnrr4five1fivejxxcmc                  64515
1701567678248543 - REPORT:          5                  sseven5threesevenfourr                  75374
1701567678249544 - REPORT:          5                       fcbnms5vctwo                       52
1701567678253545 - REPORT:       8298                    829three8gvqknllg                     82938
1701567678254546 - REPORT:          9                          qcmf9                           9
1701567678256545 - REPORT:         44                  sixthreeeight4dxmsbb4                   63844
1701567678258543 - REPORT:          5                      two5fouronetwo                      25412
1701567678259545 - REPORT:         33                       33foureight                        3348
1701567678262545 - REPORT:         91             sevenxjmkfgtseventhreefdtvn9two1             773921
1701567678263545 - REPORT:         18                         18qseven                         187
1701567678266545 - REPORT:       8141                   8141mfxlzkgvonebhddp                   81411
1701567678268544 - REPORT:          3                     3fnmdmvrjktseven                     37
1701567678269546 - REPORT:          9                      hgcnjmxchfive9                      59
1701567678270545 - REPORT:         81                        sfvcmptk81                        81
1701567678272544 - REPORT:         36              vsfrpfzvdgxfjzxmpsdeight36four              8364
1701567678274545 - REPORT:          7             hjglvnvcmnine7fourtnxllcdksixnm              9746
1701567678276546 - REPORT:       4912                       4four912ctx                        44912
1701567678279545 - REPORT:          8              8nineeightsqfhsevenninezfseven              898797
1701567678281544 - REPORT:         79                  threemjq79tgzsevenone                   37971
1701567678282544 - REPORT:          1                   twofktsbghzzmbfzfd1                    21
1701567678285553 - REPORT:          5                     5rsdninetwoneqp                      5921
1701567678287544 - REPORT:        888                nrfztxghtl8qx8one8sixnine                 881869
1701567678289544 - REPORT:         24      2lmhlkdvjjv4bbgnckvxpdtwothreebzqqdgmtfvsvqjj       2423
1701567678291545 - REPORT:         63                    63fivemzqvkbftqxtg                    635
1701567678294545 - REPORT:       2145                 214three5fivedmskgjtdbbv                 214355
1701567678295544 - REPORT:          8                         jvxh8two                         82
1701567678297545 - REPORT:        567                   kmnflrsfngone5zs6l7                    1567
1701567678298545 - REPORT:          5               pmcqtzdvqkcnfbzgtqscfour5one               451
1701567678301546 - REPORT:          2                  sfcdttxpblbsevenseven2                  772
1701567678304545 - REPORT:        355                           355                            355
1701567678306545 - REPORT:         56                 5ninetctrhrqteight6three                 59863
1701567678308543 - REPORT:          6                ninesevenls6nqqtfninehjdb                 9769
1701567678310544 - REPORT:        912                   hpdxptb9seventhree12                   97312
1701567678312544 - REPORT:        852               85vqbhpqrzpcsnfive2oneseven                855217
1701567678314544 - REPORT:         79                        79twothree                        7923
1701567678317554 - REPORT:         83             8eight3vzxsixoneeightzzcdkhgtpz              883618
1701567678320546 - REPORT:         33                       fivenine3hm3                       5933
1701567678321546 - REPORT:          7                       fourfthree7                        437
1701567678323543 - REPORT:         46        qkqgptwotvjkctgsbmsxvmssdpteightlxlkfqv46         2846
1701567678324545 - REPORT:        841                      84kqtnsjplhp1                       841
1701567678326544 - REPORT:        351                          3qk51                           351
1701567678327543 - REPORT:         76                      two7gjdrxxjlg6                      276
1701567678329543 - REPORT:        788          7qbrhzdljnvthreefour8dc8qctqhnlfzdshvz          73488
1701567678331544 - REPORT:         49                pfcninefourjzqnmmmxhqsix49                94649
1701567678334558 - REPORT:          1          gfbzhslvjrl1sixsevenvnpcrlhfdttmfourzr          1674
1701567678337546 - REPORT:       3636                     3fourtwo636three                     3426363
1701567678339544 - REPORT:          7               qnxrzp7gxcfoursixoneightqmn                74618
1701567678340545 - REPORT:         57                 fourhfstrgmmdvvlnq5rrb7                  457
1701567678343545 - REPORT:       3483                 348tdcztqxksixfiveseven3                 3486573
1701567678345543 - REPORT:         27             ninetnkhspprkmtljdfcbtwo2three7              92237
1701567678346543 - REPORT:          5          qgpfzngtntdsdjvlvmxnmgtbthree5bnkthree          353
1701567678347543 - REPORT:          9                         9vhthree                         93
1701567678353545 - REPORT:      15797                 six1four57sxcdzk97seven                  61457977
1701567678355543 - REPORT:          6                   6mnhhjtfbcpeightwozj                   682
1701567678356544 - REPORT:          9                       nploneight9                        189
1701567678357544 - REPORT:        657                       6kpzgz5mtq7                        657
1701567678359544 - REPORT:         33                     csflt33ninekmgc                      339
1701567678360544 - REPORT:          4                   jcpntrdsjnkzpmgtdxk4                   4
1701567678362544 - REPORT:          3            plbvmzc3sixfourfoureightkrxbzsdnbj            36448
1701567678364545 - REPORT:        774                        seven7ql74                        7774
1701567678366547 - REPORT:         72         bknbt7eightcbpxzkhtfrgcvhksrr2kxhvqthtsg         782
1701567678369547 - REPORT:          9             tcdcvqkknhxp9fivenlphrppfivenine             9559
1701567678370544 - REPORT:        825                8tgvvvsjl2ql5vjbsbrzvtjpkb                825
1701567678372545 - REPORT:        511                      51vtffpfzk1two                      5112
1701567678375544 - REPORT:      58742                   58threellgc74three2                    5837432
1701567678377545 - REPORT:        231                    zrrlzzpcq2c31four                     2314
1701567678378544 - REPORT:          2           xcpksgthreerfdjldvfteightnine2npztqh           3892
1701567678380544 - REPORT:          8                          rzmx8                           8
1701567678382545 - REPORT:        247                         2eight47                         2847
1701567678385546 - REPORT:        593                    nine593hsvgtghjqc                     9593
1701567678390545 - REPORT:       6742         five6gnkcxrvkvpone742mxsdpnxqkrcqzrmglxq         561742
1701567678391543 - REPORT:          8                   onevtfour8eightfive                    14885
1701567678393048 - REPORT:          8                vhnhqvsfm8qqgmsjkhsqeight                 88
1701567678396054 - REPORT:        282              2foureightsix8lhzplrtnpttznkt2              248682
1701567678397055 - REPORT:         96                  cztjsixsix96xljqqfhtmd                  6696
1701567678400058 - REPORT:         66     6four6mtvvxdbvninepjkfqlhhrhcqrddmghrlvkkphzvvb      6469
1701567678404053 - REPORT:       7821                  clshpcdb7bthreenine821                  739821
1701567678406053 - REPORT:        743           lcbbcnn74xcpdspkqdphdvdtrkfqfoursix3           74463
1701567678409054 - REPORT:      27229                 2ssgn7mjtzrblgr229seven                  272297
1701567678411053 - REPORT:         58                qtjzd5poneztdhvtdzt8svdfpv                518
1701567678412055 - REPORT:         91                        91fivetwo                         9152
1701567678414053 - REPORT:        415                 two41qctlttbcsevenjxczz5                 24175
1701567678416054 - REPORT:          7          fourbsklkgltwolvdgvjxcxpvclxqbqxjhbz7           427
1701567678419063 - REPORT:          8                    vncsclbf8cbkmzone                     81
1701567678422055 - REPORT:      34934                     dfn349six34five                      3496345
1701567678424054 - REPORT:         65                    one65kzsspzjhcsln                     165
1701567678426056 - REPORT:       1824               bmnfzmhptzgmgjk1sevenfive824               175824
1701567678430053 - REPORT:         39               3zthjdsix9geightsixeightfour               3698684
1701567678434066 - REPORT:          3        jvhhrkrnhfivenineonethree3sixninegplzthbxj        5913369
1701567678437055 - REPORT:         74                  boneightthreeqdglvf74                   18374
1701567678439055 - REPORT:         13                        13dmktbhp                         13
1701567678441054 - REPORT:          8                         8ninetwo                         892
1701567678442055 - REPORT:        887                        8eight87l                         8887
1701567678445056 - REPORT:         58           six5xhrtbhdmhpbpqqsfjjninesix8seven            659687
1701567678447054 - REPORT:       8199                   lznlvseventd819qkq9                    78199
1701567678449054 - REPORT:         55                            55                            55
1701567678451055 - REPORT:          3                       onevqgp3six                        136
1701567678453055 - REPORT:         88                           8gc8                           88
1701567678456057 - REPORT:         81            seveneight8fivesixczbqpjdhxnschd1             788561
1701567678458053 - REPORT:        968              9hvpqtcsevenfctzrxtgj6rjzgfpm8              9768
1701567678461054 - REPORT:         56       ppcmhlccprnmpndzkkjvbrptfour5fivefivefcdqvf6       45556
1701567678464054 - REPORT:          8   sevenhsqnkhhcfonethreezdrjvqsmlvjrdbppjcj8eightwovn    713882
1701567678465054 - REPORT:         31                 3mxqxlqsvfjpbclmqdrg1one                 311
1701567678467060 - REPORT:          8                     zmxnftxklqqd8one                     81
1701567678470055 - REPORT:         22                      2k2onesixthree                      22163
1701567678472053 - REPORT:          1               1twofivetwozxqhjqjbzgzsslgd                1252
1701567678473055 - REPORT:         38                     3mblcpmlmg8seven                     387
1701567678476055 - REPORT:        626                     twoeight626snine                     286269
1701567678477053 - REPORT:          8                       p8onegjssix                        816
1701567678479053 - REPORT:          9             ninelkjbgsqtrx9fiveeighthljnlrdb             9958
1701567678481055 - REPORT:        212                 x21six2cqfqbsmhxsbngstp                  2162
1701567678483055 - REPORT:         24               2gcmhhtxpzsfive4sixmvrqzkfnv               2546
1701567678486056 - REPORT:        878                   8ninethree7bbjmcnm8                    89378
1701567678488053 - REPORT:          6                      sixzqpl6three                       663
1701567678489054 - REPORT:         71                     b7zfivebmlfvcdg1                     751
1701567678491053 - REPORT:         28                        2fivetwo8                         2528
1701567678493056 - REPORT:          1          zdkznnkonetsstchvtxsvpfone1sjmqndvbhfg          111
1701567678494056 - REPORT:          2                        ggrvbl2one                        21
1701567678495054 - REPORT:          1                            1m                            1
1701567678497053 - REPORT:        777             7eightggfvfrsrfive77sxxrshdrfive             785775
1701567678498054 - REPORT:         12                        12lkgxnfqd                        12
1701567678503056 - REPORT:      92575                  9znqtwo2three5three75                   92235375
1701567678505054 - REPORT:          8                        seven8six                         786
1701567678509053 - REPORT:      13871                   four138six7six1four                    413867614
1701567678510055 - REPORT:          8                       8vmpqprxdgj                        8
1701567678511055 - REPORT:          8               8zckvmtmbjtdqprvfxtkmgmmtgck               8
1701567678513055 - REPORT:        849                       8vlzthree49                        8349
1701567678517062 - REPORT:        523               onesddbmbeightfive523sixtwo                18552362
1701567678519058 - REPORT:         93                         9jcfjq3                          93
1701567678520054 - REPORT:          5                        5qlhxfour                         54
1701567678522052 - REPORT:         34                          3five4                          354
1701567678524053 - REPORT:         27                     2kvfourseven7vdh                     2477
1701567678525053 - REPORT:         17                        seven1one7                        7117
1701567678526054 - REPORT:          7                            7v                            7
1701567678530053 - REPORT:        568           fourdnh568oneninehqftnfninetwonejjn            456819921
1701567678532054 - REPORT:         21                      dpvcxz21seven                       217
1701567678534058 - REPORT:         48                  4threeslnfhfskntz8kqmh                  438
1701567678537055 - REPORT:        583                         58eight3                         5883
1701567678540056 - REPORT:         16                     fivetwo16sixfour                     521664
1701567678542055 - REPORT:          5               fnxmrmcjsixninethreekbf5one                69351
1701567678544055 - REPORT:        161                1seven6fourfournjsdvhlkhp1                176441
1701567678546053 - REPORT:       8339                         five8339                         58339
1701567678548054 - REPORT:          1                   1fgmrleighteightdzxh                   188
1701567678549054 - REPORT:          5                        eight5nine                        859
1701567678551058 - REPORT:          4                        eight4fdnx                        84
1701567678554053 - REPORT:          2        sqfklfbkjvbghbgmszzzpeightfive2fiveonefive        85251
1701567678557054 - REPORT:         63              xcveight6zlfkpxrzsnq3gzjseven               8637
1701567678560053 - REPORT:         42               fkeightniner4fourfour2eight                8944428
1701567678561055 - REPORT:         87                       nine87lphjt                        987
1701567678563054 - REPORT:          3                       3twombcfour                        324
1701567678566054 - REPORT:      76888                  dpn7688eighteightdjl8                   7688888
1701567678568056 - REPORT:         53                 5tvplhtfrmlv3zjcgvfivenl                 535
1701567678570055 - REPORT:         24                        2fiveztwo4                        2524
1701567678571054 - REPORT:          5                        fjbbtgone5                        15
1701567678573054 - REPORT:          4                  bjrgnzzpsixnine4three                   6943
1701567678574052 - REPORT:         18                      kkqpcmvjnine18                      918
1701567678577055 - REPORT:          1              zhzkslnd1twonpqxtwoninefiveone              122951
1701567678579052 - REPORT:        793                    fiveckknnzhdtm793                     5793
1701567678581053 - REPORT:       2861                seven2cbtkqzs861cbfgssfqtd                72861
1701567678583055 - REPORT:          4                 sixvdtzsixthree4lchxtdkv                 6634
1701567678586056 - REPORT:         12             1vvssfvlfbg2eightmxbqbvgsixnine              12869
1701567678588053 - REPORT:        947                   nineeightjlngjz94t7                    98947
1701567678589052 - REPORT:          7                     lpncsfkn7fsgvkl                      7
1701567678591054 - REPORT:       5835                 583sevenhjxlqzjgbzxhkcl5                 58375
1701567678592054 - REPORT:         81                           81s                            81
1701567678594053 - REPORT:        234                 2four3threesxxvlfqfive4                  243354
1701567678597054 - REPORT:         69                 nine6eightsevenzx9twoxc                  968792
1701567678599054 - REPORT:        989               hmbfjdfnp989mfivefiverpzrjs                98955