1702929614367145 - REPORT:          1                      jjfvnnlfivejj1                      51
1702929614369145 - REPORT:          6                        6fourfour                         644
1702929614370148 - REPORT:         69                      ninevbmltwo69                       9269
1702929614372145 - REPORT:         91                 pcg91vqrfpxxzzzoneightzt                 9118
1702929614374146 - REPORT:         31              jpprthxgjfive3one1qckhrptpqdc               5311
1702929614376148 - REPORT:          5        mxphxfnffninethreetdj5jgknqfrxmhxfivexcxqv        9355
1702929614379147 - REPORT:      74279                     three7pktwo4279z                     3724279
1702929614382146 - REPORT:     166929                  1qcbszfgonedjcqj66929                   1166929
1702929614384145 - REPORT:          3           fivesixthreeptcqjnkzgdfgzspmlvmmhn3            5633
1702929614385146 - REPORT:          2                       vm2sixseven                        267
1702929614388145 - REPORT:       1657               1nine6oneeightnine5lfrzmzh7                19618957
1702929614392147 - REPORT:      77865                 7onevsffj78ninejcnnvgn65                 7178965
1702929614394146 - REPORT:          3                qstwonepcd3twosixrmcnxhfzv                21326
1702929614395147 - REPORT:          3                    3bnjfrfourseventwo                    3472
1702929614397145 - REPORT:        881             zpcdmvmktlrrq8sixgjtxxjpt8fcstt1             8681
1702929614399145 - REPORT:        187                    nine1gkmptbfsix87                     91687
1702929614401146 - REPORT:         97               9ldmlbchvnvgfivesixnine7zrt                95697
1702929614403145 - REPORT:        459                      45mjmblfqjvf9                       459
1702929614405146 - REPORT:        837               onehcpgmvd837sgzgsqqrtseven                18377
1702929614406148 - REPORT:         98                   rhjfvkznjdvlgv9one8                    918
1702929614408153 - REPORT:         22                   22xkkdsvfvfourhdpchs                   224
1702929614410148 - REPORT:         56               sixzjx5kvjbcfgcsrjndznkrtf6                656
1702929614412145 - REPORT:        183                   1fourmk8three3seven                    148337
1702929614415147 - REPORT:      47166                 4716lpzhdcbone6seventwo                  47161672
1702929614418146 - REPORT:      44327                         443two27                         443227
1702929614419145 - REPORT:         96                       9sgtwoseven6                       9276
1702929614421146 - REPORT:         18               pjtbhxchqfseven18tznxpbsppk                718
1702929614422145 - REPORT:          9                       9eightwonkt                        982
1702929614425146 - REPORT:         85             htsgxmrfsevenone8qjxhjsixnbsvcf5             71865
1702929614427146 - REPORT:         57             5jmnjnnfsfoursevenprtjzdxmxj7six             54776
1702929614428146 - REPORT:          9              dthreenrzonefourcxfrzsvtfz9xb               3149
1702929614429145 - REPORT:          6                          6kvfn                           6
1702929614431145 - REPORT:          8        vlfbzpbpseven8tspgqfdzkmfivefourzjzdbxgtvx        7854
1702929614433147 - REPORT:       2512           2rfqtfttqzkkzdjbjxnx51xrzczxmfmc2two           25122
1702929614434145 - REPORT:         31                   3fnncmsdz1bnxvlfxng                    31
1702929614437146 - REPORT:       7893                    seven789bgzpszjd3                     77893
1702929614439148 - REPORT:         68                     6four8gjsmbztmp                      648
1702929614440147 - REPORT:          9                         sjvmmb9h                         9
1702929614443149 - REPORT:       6145                      6jqttjkpjc145                       6145
1702929614445149 - REPORT:          9                 9threedzjjqnhrngktscfmc                  93
1702929614447150 - REPORT:          5                         5onesix                          516
1702929614448149 - REPORT:          2                nine2onelpzhtrbninexkgtjqg                9219
1702929614450148 - REPORT:          6                          6nined                          69
1702929614453147 - REPORT:       2979                29xzfour7seven9pcvdbcgvtv                 294779
1702929614457147 - REPORT:         69              hjdtscdc6twotwosixsevensix9six              6226769
1702929614460151 - REPORT:         25                  stmpvhnssixtwoffnhpn25                  6225
1702929614464147 - REPORT:      45964             45fourbpsghkqxqm9fmvhssbntdtwo64             4549264
1702929614466147 - REPORT:        835                       nine835four                        98354
1702929614469147 - REPORT:          9             leightwothreesevenlhlmqcgcpfour9             823749
1702929614471147 - REPORT:         54             fgsfsqgkcctzcltpvpjhlb5eight4one             5841
1702929614475149 - REPORT:      91849                    four9four184five9                     49418459
1702929614480149 - REPORT:        677                  67seven7twobdcltwonenh                  6777221
1702929614483147 - REPORT:        516                      nsdbone5two16                       15216
1702929614485147 - REPORT:          3        sixsix3jxfctsrsvfcrpbxtthmspdlqqrnckxtngnx        663
1702929614486148 - REPORT:          3                fxftk3svcczpknmfourhlndmg                 34
1702929614489146 - REPORT:         44                 eight4sevenmrlkcqx4three                 84743
1702929614492147 - REPORT:        746                7ninerpcrqt46gtnlzlmknine                 79469
1702929614494146 - REPORT:          5                 hppggtwohcckscs5eighttwo                 2582
1702929614498148 - REPORT:        329           phzdqznlbkthreephllsb32eighttwo9six            3328296
1702929614500146 - REPORT:        683                    6four8fxcmngbnine3                    64893
1702929614503146 - REPORT:        623                    seven6five23seven                     765237
1702929614505145 - REPORT:         96              9seven6bfqkxsjvcpninehmprgsldb              9769
1702929614510146 - REPORT:        333   tffjstchhs3rnjsmlnr3sevenlkjzkrdg3mmlgbgnnjzoneightm   337318
1702929614512149 - REPORT:        913                           913                            913
1702929614515145 - REPORT:        864           lvsqbjjsonethreeone864ncrlpdghgkfive           1318645
1702929614517146 - REPORT:         36              fvlmhpxcrktwo3ninejm6eightxmc               23968
1702929614519145 - REPORT:         24                     sevenjbnc2zvxnr4                     724
1702929614520144 - REPORT:          2                   mqjztddmfmnskhlvvp2                    2
1702929614523146 - REPORT:          1                 six1fivesixsevenninenine                 6156799
1702929614524146 - REPORT:          6                     vpbpbsixsqvxfvf6                     66
1702929614526147 - REPORT:        683                       6jjqln83one                        6831
1702929614527147 - REPORT:         33                         3dbone3                          313
1702929614529145 - REPORT:          2      ssczbsgp2fourdknjszzbvtlgtdplgplrnznmhdfivefdd      245
1702929614531146 - REPORT:        457                   threesevenqctdslt457                   37457
1702929614534145 - REPORT:          9              eightthree9eightfiveninetzhmhg              839859
1702929614535144 - REPORT:         15                     bsmzhmrm1eight5                      185
1702929614537146 - REPORT:          7        pzhpleighttbhhfxfdgprfjsxrzl7sixsixjgghqbr        8766
1702929614538147 - REPORT:         58             one5onecfdbpvxbdlmmdbxqdlbldjbz8             1518
1702929614541149 - REPORT:         43              qxsbz4rjdgcfsvmqthreeone3mtwo               43132
1702929614542148 - REPORT:        133                          13zls3                          133
1702929614544145 - REPORT:         65                     zpjlgbjrkl6four5                     645
1702929614546147 - REPORT:        264                       264sevenfive                       26475
1702929614548147 - REPORT:        413                    413vhsevennpbnine                     41379
1702929614550234 - REPORT:          9               gn9sevenhhhnblflxkeightnine                9789
1702929614551149 - REPORT:          5                      hgdfdsdb5seven                      57
1702929614553146 - REPORT:          6     eightczrstqtcjmrpbhhdxrflkcjpsdjbskfvzdglt6nine      869
1702929614554145 - REPORT:        155                       jrgr15mzkpt5                       155
1702929614556145 - REPORT:       3748              lxzlvmrdcvglcjsjzxm3748hjlvtgz              3748
1702929614558146 - REPORT:          5           ninekxcqcpztqfoureightsrdhtmnbpsqkc5           9485
1702929614560146 - REPORT:          4              vxfdkmp4fourtwopdpfmcqnrqkmvf               442
1702929614561146 - REPORT:          4                   prkkmcccpone4qthree                    143
1702929614563148 - REPORT:          5                  lxxqfourkrttdqlhkjhp5                   45
1702929614565148 - REPORT:          7                        five7three                        573
1702929614568148 - REPORT:        283                sixmljbdl2seven8six3ffrfc                 627863
1702929614570148 - REPORT:         65               6threexgtvlxthree5fiveseven                633557
1702929614572146 - REPORT:         86                    three86pztxhlcfour                    3864
1702929614574148 - REPORT:         79                     eightfiveeight79                     85879
1702929614576150 - REPORT:         54                       5ljzqvbgknk4                       54
1702929614577148 - REPORT:         49                      seven4cnrxrv9                       749
1702929614579147 - REPORT:          8            brtwone8jsvbpstpmlbrxrjfivehhhqbvk            2185
1702929614581146 - REPORT:       6939                    three69two3dhvzj9                     369239
1702929614584145 - REPORT:         53             fourfoursevenninelpjs5threevnc3              4479533
1702929614587146 - REPORT:      42441                       42nine441xbc                       429441
1702929614589146 - REPORT:        242                    sevenfour2tqb42one                    742421
1702929614591149 - REPORT:          6                  btccgptzllfivesixtwo6                   5626
1702929614592149 - REPORT:          8                 hdbzgcmznbnrq8cvzrqtpqm                  8
1702929614594147 - REPORT:          5               jqzmone5threehrqhbdnfxhkqnvm               153
1702929614595146 - REPORT:         98                    98nrcvftzpslxnine                     989
1702929614599146 - REPORT:      58879               five58one8snpvggzjbqthree79                55818379
1702929614601146 - REPORT:        376                    lkccfpfn37onenine6                    37196
1702929614602145 - REPORT:         92                        css9four2                         942
1702929614604145 - REPORT:          6              jbtffive6mtfzvkdpjnthreeeight               5638
1702929614607147 - REPORT:       2244                      224fourtwojc4                       224424
1702929614610147 - REPORT:         89     spceightwolbrcfkbrtwo8dkfmvrmrglmrsxlseven9nine      8228799
1702929614613146 - REPORT:         12          threeckdrrznbbhnpsrmbrxlmfjz1twothree2          31232
1702929614615145 - REPORT:         34                    3twokcfivetwosix4                     325264
1702929614616147 - REPORT:         12                  k12mqeighthgdtthxjtwo                   1282
1702929614618146 - REPORT:          5              coneightqtpgsjseven5dzqpvgtjm               1875
1702929614620145 - REPORT:        224                 dpkjqkx22llklllblknine4                  2294
1702929614622145 - REPORT:       8665         svjmxbq8hfzjsbtccjdmqvbjcpklmqbseven665          87665
1702929614623147 - REPORT:          8                        8rbfzjxlqx                        8
1702929614626147 - REPORT:         35                    onefive3nineeight5                    153985
1702929614628148 - REPORT:          4                      eightqrlkf4two                      842
1702929614629145 - REPORT:        931                           931                            931
1702929614631146 - REPORT:        418          41cvfivebfsxdkljjjkjhm8ftfdtnpsdmtkln           4158
1702929614633146 - REPORT:         72                  sixjcnbeightnjtbck72dg                  6872
1702929614634145 - REPORT:        545                 tworvqfjdlr545lbpmlxknsd                 2545
1702929614636148 - REPORT:         73                      kgnt7fiveone3                       7513
1702929614638146 - REPORT:        894                twofourrxmcmj894stppprqjf                 24894
1702929614641151 - REPORT:       3428                 qcqpxnztmntwok34three28                  234328
1702929614643147 - REPORT:          6                         6fkjkbc                          6
1702929614645146 - REPORT:         23                      2htpxbqvtg3one                      231
1702929614647147 - REPORT:        215                2threezhxzfslfxhvzdbfour15                23415
1702929614649145 - REPORT:          9              nrfdrzdjtlthreeonennzfbone9one              3119
1702929614651145 - REPORT:          6                sixtwosevenqplrqvxreight6                 62786
1702929614652146 - REPORT:        375                   djmzrfq3eight7five5                    38755
1702929614654147 - REPORT:         51                  jthreeeight51sixqlvgvm                  38516
1702929614657147 - REPORT:        498                   foureighteight4vvg98                   488498
1702929614661146 - REPORT:     276922               tttrnk2ctfpk7692mbccxhmpnl2                276922
1702929614662145 - REPORT:          2                          bbsix2                          62
1702929614665145 - REPORT:      13896                   1two3five89zjrjnbpt6                   1235896
1702929614668146 - REPORT:      29787                29787jbhkhtbnbgfoursixfour                29787464
1702929614669146 - REPORT:         58                      vpzmcqcvfour58                      458
1702929614672145 - REPORT:         94                   9eightfcvfeight4one                    98841
1702929614674147 - REPORT:         63          cdbdlseven6zvzl3tshhdtlczsstdbksthree           7633
1702929614676147 - REPORT:         78                         three78                          378
1702929614677147 - REPORT:          9                     hdmmprbbk9hvkpb                      9
1702929614679147 - REPORT:        974                      vfivencslcc974                      5974
1702929614681146 - REPORT:          6           6jthreesevenstksbsxttctjkdnxgjseven            6377
1702929614683145 - REPORT:         38                   sixeight38sevenfive                    683875
1702929614684145 - REPORT:          7              7sixnzcfgfjpzmcdsprgcnvspfive               765
1702929614686147 - REPORT:          9                    tttcfpm9sevennine                     979
1702929614687146 - REPORT:          7                x7dfxhgtqmeightveightfgrqj                788
1702929614688145 - REPORT:          6        zktxptkzztwobztnfqvgxlkrsdhqhntqcnfknine6         296
1702929614691154 - REPORT:         98              9kthreenglrnrxn8sixzlfdmfcdvnd              9386
1702929614693147 - REPORT:       3332                    xjznine3332jtrfnkf                    93332
1702929614696146 - REPORT:       6883                      688k3eightone                       688381
1702929614697147 - REPORT:         42                        4four2chz                         442
1702929614700146 - REPORT:       1389                1zpbmzvgxmhqdkr3four89four                134894
1702929614702146 - REPORT:         53                   nqbthreeztjmkdgtwo53                   3253
1702929614703146 - REPORT:          4            qvfjzclkrkslfmtpdhjeight4fivefour             8454
1702929614706146 - REPORT:      96491               964eight91qhghxjxhcdslsnfour               9648914
1702929614708146 - REPORT:         45                       45twojrbjxb                        452
1702929614710145 - REPORT:        292                   292sixthreekgzpzxxxk                   29263
1702929614711146 - REPORT:          6                       6dgmmtwotwo                        622
1702929614715145 - REPORT:         14               1msixthree4sixeighttwoeight                16346828
1702929614717146 - REPORT:          9                        sixfourt9k                        649
1702929614721145 - REPORT:        167                one1five6fourthreetwo7two                 115643272
1702929614723146 - REPORT:         42                   fourjmbfrhltwosix42                    42642
1702929614724149 - REPORT:          8                         frgfnk8                          8
1702929614726147 - REPORT:        138                           138                            138
1702929614729147 - REPORT:      47928                     4nn79fourfour28                      4794428
1702929614731145 - REPORT:        756                 7zs5eightonenineqnzpsf6                  758196
1702929614732145 - REPORT:         27    bqjndhdtqqhpmltzfv27bqvgklpmfvhgvplbpnxhjvprpldpg     27
1702929614734145 - REPORT:         48                   48tcrntjbninesbkkbbd                   489
1702929614736147 - REPORT:          5             nineeight5nineljhnxhqbpkbbkttwo              98592
1702929614738145 - REPORT:         11                  scbbhqpcxthree1three1                   3131
1702929614739146 - REPORT:         38                  vlczgnrlz38threekjone                   3831
1702929614741147 - REPORT:          7                        nine7ckxh                         97
1702929614742147 - REPORT:          2                    hpgvrtkpqpbjdlkpj2                    2
1702929614744145 - REPORT:         63                 ninetwo63hhnsmoneightjtl                 926318
1702929614746147 - REPORT:       7439                zkhrcrb743fhjpfvdcxq9three                74393
1702929614749147 - REPORT:        593               nineeight5pfour9sixsqjnkpg3                9854963
1702929614750147 - REPORT:          9                    sixthreectddzgzrh9                    639
1702929614752145 - REPORT:         63               xjdgplninetfcldlnzftcv63four               9634
1702929614754147 - REPORT:          1                    fivefourmrrb1three                    5413
1702929614755146 - REPORT:         28                        2mqxhngvb8                        28
1702929614757147 - REPORT:          5                     5njfgllzxnjlqdgn                     5
1702929614760147 - REPORT:        341               five34fourfive1cddmdhrbmrjpz               534451
1702929614762146 - REPORT:         61                       fiveg6seven1                       5671
1702929614764144 - REPORT:        879               eightggzxtddx8mgl7seven9five               887795
1702929614765146 - REPORT:          6                  6tlmlfrsixbtznxhhpclb                   66
1702929614766148 - REPORT:         36                    twospsjtmnfnmfv36                     236
1702929614768145 - REPORT:          9                   tcnmlsljtwo9onekcksj                   291
1702929614770145 - REPORT:         69                6onenine9mhznxmoneightnvq                 619918
1702929614772146 - REPORT:         46               4seven6jxtknddnkfivefivenine               476559
1702929614774147 - REPORT:         12           qxpcxrxstwoninekvlsmtckcd1cxqccqss2            2912
1702929614777147 - REPORT:         83              8pk3xjbsevengfcseveneighteight              837788
1702929614778146 - REPORT:          7                  7sevenstsmqcthreexqdh                   773
1702929614781149 - REPORT:         65               three6sevenmeightjeight5four               3678854
1702929614783145 - REPORT:      95896                   958eightvg9bjrfpjfq6                   958896
1702929614787146 - REPORT:         93             9zninegdmqrtxtlnfiveeight3twotwo             9958322
1702929614789145 - REPORT:        989                      989pdblcmkxhn                       989
1702929614791148 - REPORT:          9              sixvvkvjlndtqjlcqsixktmhpzs9d               669
1702929614792147 - REPORT:          4                   4threepzgdjvsqhseven                   437
1702929614794146 - REPORT:          5                      fzfmnine5eight                      958
1702929614796146 - REPORT:        785                 sevenvv78threexpfxxktwo5                 778325
1702929614798145 - REPORT:          7                           vj7                            7
1702929614801147 - REPORT:          3            sevennine3eightfzpxdxpmseightwozvb            793882
1702929614803147 - REPORT:        159            gxftsptzcm1jcnmkqxnxr5five9onefour            155914
1702929614806147 - REPORT:        263            2fiveclxxnxmsevenzmz6rfvhkrseven3             257673
1702929614809147 - REPORT:        455                fqqdlnkb45lgjjnk5seventwo                 45572
1702929614810146 - REPORT:          5                       six5dhrkkxr                        65
1702929614812147 - REPORT:         18           kmrddmfpzsfmkthreeonefour1xxhshbxd8            31418
1702929614814145 - REPORT:          3                     gdthree3fivefour                     3354
1702929614818147 - REPORT:        772                      sixsixj772four                      667724
1702929614819148 - REPORT:         53                         eight53                          853
1702929614822145 - REPORT:        333                      sixfoursix333                       646333
1702929614825146 - REPORT:       8766                   one8twothreeseven766                   18237766
1702929614828147 - REPORT:          3             bpnvgxjtwohmlgqpx3nineeightvnine             23989
1702929614830146 - REPORT:       9588                        95one88six                        951886
1702929614832146 - REPORT:         47                     4onefrlccksvfcc7                     417
1702929614833146 - REPORT:         67                          xbjh67                          67
1702929614834147 - REPORT:          2                    vzrgvrkzthreesix2                     362
1702929614835145 - REPORT:          8                   five8eighttjxphqzstx                   588
1702929614837145 - REPORT:          3                     fiveone3sixseven                     51367
1702929614840147 - REPORT:       4466                      nine44eight66                       944866
1702929614842147 - REPORT:          7            eighttwogndjkpdxqjvjmd7kgxvjfkltv             827
1702929614844147 - REPORT:         41               mdpxgkxvfheightt41onefoursix               841146
1702929614846149 - REPORT:        184     vqnzsgmgbglqmjmhmqqlpjjhkszprjc184eightczzbrpxh      1848
1702929614847145 - REPORT:          7                   jncvmkbone7vttpdnone                   171
1702929614848147 - REPORT:          7                     bvsmnz7hctzgcfkk                     7
1702929614849145 - REPORT:          7                      bssqrbzsixqx7                       67
1702929614850146 - REPORT:          4                nhtfvdnrtqqvjnzdgc4fvlzkm                 4
1702929614852145 - REPORT:         61                   zhvdbthreeeight61dp                    3861
1702929614853147 - REPORT:         24                           24pv                           24
1702929614855145 - REPORT:         17             onesjjdct1zcknmfjfjvmfivepxzfds7             1157
1702929614858147 - REPORT:       3752                    3six7one5seventwo2                    36715722
1702929614860147 - REPORT:         28               twosixonemjsc2vg8lzvjrpnnhq                26128
1702929614863145 - REPORT:          5   rftwoneqjbq5hcssbxbtvcdsevenfournxhfkrrgjqmzmpmvrvnj   21574
1702929614865145 - REPORT:        585                         58five5                          5855
1702929614870145 - REPORT:     433293                   43nineseven3293three                   439732933
1702929614872145 - REPORT:       4823                     48sixsevenmgsr23                     486723
1702929614874151 - REPORT:          1                       eight1eight                        818
1702929614876146 - REPORT:         51               5hkbzntwo1lplgmfsevengrnhbhg               5217
1702929614878145 - REPORT:         17            1dqbbgjfvmfive7sevenninenhkspxbrxm            15779
1702929614881146 - REPORT:          1             srtwoneeight1jeightoneeightthree             2181813
1702929614882146 - REPORT:          4                        4cvhfbnine                        49
1702929614883145 - REPORT:         56                          vsm56                           56
1702929614885146 - REPORT:        527                      5onev2csngkll7                      5127
1702929614887145 - REPORT:         65                  6six5fivefourzbjkdppp                   66554
1702929614888146 - REPORT:          5                    gdjtp5onehqrngxqd                     51
1702929614891149 - REPORT:        474                4fvltc7ninezmpnbzv4twoone                 479421
1702929614894145 - REPORT:         39          39sevenfxlcsfnkmjninesevennineoneseven          3979791
1702929614897146 - REPORT:        887              cvfqkvfzx887sgzdpvxvhoneseven               88717
1702929614899145 - REPORT:       4129       rvrhpssvkgzbbrgbgcvqbvdkfplsvk41bblsvtbqsk29       4129
1702929614901145 - REPORT:         91                9ninervjgsjrrtwo1twonbxcvd                99212
1702929614902147 - REPORT:         89                          8g9one                          891
1702929614904145 - REPORT:        913            njznrrcshcpn9rbvbsgpdpv13ninefour             91394
1702929614907149 - REPORT:        844                8eightfflllbgkmdh44onenine                884419
1702929614910147 - REPORT:        996                       9onetwo9two6                       912926
1702929614911147 - REPORT:         67                 hdfmvs6hjtjbzjth7ninefn                  679
1702929614913147 - REPORT:         67                      dfzgrfivesix67                      5667
1702929614914145 - REPORT:         79                           7l9                            79
1702929614916146 - REPORT:         88                      onecjeight88hk                      1888
1702929614917146 - REPORT:          2                           hgm2                           2
1702929614919145 - REPORT:        578                 qt5nine7d8fivevlqjmhsix                  597856
1702929614921146 - REPORT:         72                   nqsix7onennmln2five                    67125
1702929614923146 - REPORT:         66                  6sevensevenmnxnbpmprd6                  6776
1702929614926147 - REPORT:         22                five2seventhree2nineksczcl                527329
1702929614927146 - REPORT:          9              twotwokcmkzgkf9vfcmfqhzvseven               2297
1702929614930145 - REPORT:         42       4six2blsfjgmllblxnlfnspxbvvzjnninesevenfour        462974
1702929614932147 - REPORT:        836                           836                            836
1702929614935145 - REPORT:          9           beightwosixonefxlthreepjddrthq9five            8261395
1702929614936145 - REPORT:         22                    22zhppjvmbfszrkrqt                    22
1702929614937147 - REPORT:         75                   7ljpvtkrmgkfc5pxqpd                    75
1702929614940147 - REPORT:      58362                 xqrtsbzpjxhfn58three362                  583362
1702929614942147 - REPORT:          2             2fiveqqdptvjxxnrnsrsixbeightfive             25685
1702929614945146 - REPORT:       1344           gsgfvsfp1mfbrt3dnzttnine44mgmsjmkgv            13944
1702929614947147 - REPORT:          4                     sixfive4sgxxgsix                     6546
1702929614949145 - REPORT:        335                   3nv3dsevensixmsqfdc5                   33765
1702929614950145 - REPORT:         66                         two66six                         2666
1702929614952146 - REPORT:         44                  ptz4qhkzftvxp4bfnnone                   441
1702929614954147 - REPORT:         12                 five1five2rjftfiveseven                  51527
1702929614956147 - REPORT:        685             kvdttwozhzcjk685fourtwolrbmnknp              268542
1702929614958148 - REPORT:         33                  33srljnsfsxhfninensjh                   339
1702929614959147 - REPORT:          4                           lkc4                           4
1702929614961146 - REPORT:         35                 twotgnddfivefourcbfive35                 254535
1702929614962146 - REPORT:          4                     eight4qgthmpptkn                     84
1702929614965147 - REPORT:     759991                 7pqdkhhxqmtkcspmlc59991                  759991
1702929614967147 - REPORT:        552                 lvpbhlpdnvbqdzfmfktvn552                 552
1702929614969146 - REPORT:         49               fivefoursixdrscznhfivefive49               546549
1702929614971146 - REPORT:        439                        439nlvnine                        4399
1702929614972145 - REPORT:         43                 qqxfoursix4xlslqdjvpx3l                  4643
1702929614973147 - REPORT:          7                       bpknbhdtgst7                       7
1702929614977146 - REPORT:      64753                 6four4fourddkk7cdhmdjx53                 6444753
1702929614981145 - REPORT:       3849                3sevenseven8two4eightfive9                377824859
1702929614982145 - REPORT:        616                   zj6vmnq1pqrstfkznf6                    616
1702929614984144 - REPORT:          7                 7lxjzsevensixtddveightp                  7768
1702929614986148 - REPORT:        857            vbzrnzmcgvqkdrznhtblp8vjnxvs57five            8575
1702929614987147 - REPORT:          6                  six6eightzmhqvsjzseven                  6687
1702929614989147 - REPORT:        943                   9three4nnhqsstptwo3                    93423
1702929614992148 - REPORT:         96                  twofiverdjfc96dqzeight                  25968
1702929614995147 - REPORT:        893                six8bgmrplfeightonek93four                6881934
1702929614996145 - REPORT:          4                      sevennine4vzmf                      794
1702929614999145 - REPORT:      54673                   54five6gfour73jpkgt                    5456473
1702929615001147 - REPORT:       9288                   eight9288threeeight                    8928838
1702929615004147 - REPORT:       6618               gjkrnbtseven6618vktqpmhmnine               766189
1702929615005145 - REPORT:          3             onejmlgzhpzdfmmkkt3fourpjkjglsd              134
1702929615008146 - REPORT:         62               xqxkqjcsnine6eightxclnthree2               96832
1702929615009146 - REPORT:          4                  hmthhjbfivesix4gdxjbg                   564
1702929615011147 - REPORT:          3            sevenkpjrscqhmfone3zjhxgptlgknine             7139
1702929615013147 - REPORT:        354                      onerzbfive354                       15354
1702929615015145 - REPORT:        938                       9sldh38nine                        9389
1702929615017146 - REPORT:          9                    twonine9vqdzneight                    2998
1702929615018146 - REPORT:        724                          7one24                          7124
1702929615020147 - REPORT:          2          2fivesixtnhssqnrhbcxtchjbxspnvkcxbsfrf          256
1702929615022146 - REPORT:        994          kjpjqsnkrqnqpn99fpxfgmttxpxrd4twonebp           99421
1702929615023145 - REPORT:          8                 hhfrz8zbdjtjjjngcccctwo                  82
1702929615025146 - REPORT:         99              mjhvbhrmpmmmbzcmr9four9dczbrfg              949
1702929615026149 - REPORT:         99                        mnhbcdc99                         99
1702929615029147 - REPORT:       1117            11fivedpgmrxptconebdvhfbvfvxfive17            1151517
1702929615032148 - REPORT:         95                   fivegthreesixtwo9k5                    536295
1702929615033147 - REPORT:          7                 ninefourtwo7zjcsfhcfnine                 94279
1702929615035145 - REPORT:        652                           652                            652
1702929615037146 - REPORT:       1354                      five135eight4v                      513584
1702929615040147 - REPORT:        613            eight6hsjpkf13mhmkggqqvqdmrpcttvs             8613
1702929615042148 - REPORT:         68                fourxndjxvpgpthree6vjs8pkt                4368
1702929615044147 - REPORT:        524                lvkeight5nthreeskjqc24one                 853241
1702929615045145 - REPORT:          5                          5vmqth                          5
1702929615048145 - REPORT:       1917                1lmjpflgsix91fourlfldlgmn7                169147
1702929615049145 - REPORT:          3                jlpnxblthreebzztvrfg3done                 331
1702929615051146 - REPORT:         24              rrnxmsnptwoeight24threedqssix               282436
1702929615053145 - REPORT:         73              nfdcrtlb7eightsvhstfourcmrsix3              78463
1702929615055147 - REPORT:        944               nbslbqkmmfonellrfpmvjnsix944               16944
1702929615057148 - REPORT:          2                     seven2pcstwoqfg                      722
1702929615059147 - REPORT:          9                  six9nineninedpsixpqcl                   69996
1702929615061147 - REPORT:       5311                   two53mgfcbhmlpr1bl1x                   25311
1702929615063146 - REPORT:          8                   bdzvksix8mlhvvscvvc                    68
1702929615064146 - REPORT:         19                     seven1three9two                      71392
1702929615066147 - REPORT:         48                   4ninegvzqzbhckptwo8                    4928
1702929615068146 - REPORT:         53              5zspmjkssghgtgpdpg3threeseven               5337
1702929615070145 - REPORT:          6                      6fournineeight                      6498
1702929615072147 - REPORT:         74             eight7jsxmdsix4jcnmzhxnrczslgclj             8764
1702929615074151 - REPORT:         93           xjlmqfgd9sjvvhmxbnrpztrgtvgklzt3two            932
1702929615075146 - REPORT:        371                        3gkfgrz71                         371
1702929615077147 - REPORT:          4                        sevenfsix4                        764
1702929615081145 - REPORT:     845324                 one84532vkhbvfzpbthree4                  18453234
1702929615082145 - REPORT:        463                        46zhdmrrh3                        463
1702929615083146 - REPORT:          7                     eight7tdfbjnzqhs                     87
1702929615085145 - REPORT:          7                      nkpztmkbpqzn7                       7
1702929615087147 - REPORT:         86                        8mzprpmn6                         86
1702929615089147 - REPORT:        273               2threebntdqxfdonettbgnbx7cp3               23173
1702929615091148 - REPORT:        577                          5two77                          5277
1702929615092148 - REPORT:          7                       eight7three                        873
1702929615094146 - REPORT:          8    rhcbnrfslm8dqdthddqckonerclsshqhxpjdmgnmvsixgmqxt     816
1702929615095147 - REPORT:         92                          9five2                          952
1702929615097146 - REPORT:          5                  jkzntwo5fiveonetwonec                   255121
1702929615099145 - REPORT:         48                        48oneseven                        4817
1702929615100145 - REPORT:          7                     7fourlqptgfkone                      741
1702929615102145 - REPORT:          2                 six2hnlbhzxjjfpdeightwod                 6282
1702929615103145 - REPORT:         46                          46onel                          461
1702929615105144 - REPORT:         32                  przvrp3ninethreenine2                   39392
1702929615107147 - REPORT:          2                     tnine2chbvxbkbnq                     92
1702929615108145 - REPORT:          9                    sixjnbsrtrhg9twob                     692
1702929615112146 - REPORT:      58526                  knkdb5852fourfiveone6                   58524516
1702929615113145 - REPORT:          6                       6onevndbhone                       611
1702929615114145 - REPORT:          4                          4thqp                           4
1702929615117148 - REPORT:          4        xdnbtxgtjrgffourseven4threehzqxzqfourseven        474347
1702929615118147 - REPORT:          2                         cpkbtl2                          2
1702929615119145 - REPORT:          6                   three6psqmcxphvtfhn                    36
1702929615121147 - REPORT:         42          two42ninevndsevenmljgncshctnjrvszhnkt           24297
1702929615122147 - REPORT:          2             threefrvxonesqkcjdlk2mrztrlttjvs             312
1702929615125147 - REPORT:        229              knvgqtqvn22jkjnxbxpkdfourfour9              22449
1702929615126148 - REPORT:        246                     24oneqnnnztsshx6                     2416
1702929615129146 - REPORT:         28              eighttbxsheight2phksevenptwo8               882728
1702929615131147 - REPORT:        841               seven8bvsnjhrl4hllmzbtlmone1               78411
1702929615134145 - REPORT:       1626                    three1626jvfqthree                    316263
1702929615136147 - REPORT:       9964                  bspdn9rfgnztqgkrkk964                   9964
1702929615137145 - REPORT:          9                      9kprlqsmxnine                       99
1702929615141148 - REPORT:         61              6fourfourninethreesixfourfive1              64493651
1702929615142148 - REPORT:          6                vkkggjljfxthreeeightseven6                3876
1702929615144146 - REPORT:          9                threefiverdvrtwo9tztjmghsz                3529
1702929615147146 - REPORT:      65273                      65rpk2six7six3                      6526763
1702929615148145 - REPORT:         83                        bfgmtntc83                        83
1702929615151148 - REPORT:         35          3four5gtdsnljslceightnmtfbktwojnvqfour          345824
1702929615153145 - REPORT:        784         78ctscpstjtcdrqnskhrzsddhrsthreesix4btxv         78364
1702929615154148 - REPORT:         29                  lmrscztwoxsgphp2five9                   2259
1702929615156147 - REPORT:          4                        eight4one                         841
1702929615157147 - REPORT:          1   tktpzntsffnpptpgmbndxhxskjlltpvbsvjrpmgbmdvjlqklnl1    1
1702929615159146 - REPORT:          8          8hdhqmskvpdppnthvdlctthreelxvssgqzzcql          83
1702929615161147 - REPORT:        631                eight6bjd3jbscchfnpqnine1                 86391
1702929615162145 - REPORT:         51                         r51three                         513
1702929615163146 - REPORT:          8                      dpgscvm8eight                       88
1702929615164148 - REPORT:          6                          6sbgzk                          6
1702929615165147 - REPORT:          5                       two5rflnshkn                       25
1702929615167145 - REPORT:          2                     zrplqqseven2ones                     721
1702929615170145 - REPORT:          6                fiveeightsevenfive6onetwo                 5875612
1702929615172145 - REPORT:       8592                crjtrkcl8five592mkddrseven                855927
1702929615174147 - REPORT:          1                    fiveone1qgrdzkgnv                     511
1702929615175146 - REPORT:         38                        3svvtjmq8                         38
1702929615177147 - REPORT:          1             fivethreeninenine1skhctbxcckztkq             53991
1702929615179146 - REPORT:         71               threeppn71threelfourvpqfour                371344
1702929615181145 - REPORT:          9                      ninetwoseven9                       9279
1702929615183145 - REPORT:          1                           1xb                            1
1702929615184146 - REPORT:          9                       xspkbeight9                        89
1702929615186146 - REPORT:          9                   9onesixthreexjlscbx                    9163
1702929615188147 - REPORT:         38                 fj38vxpmlccfivemsmdqfour                 3854
1702929615190148 - REPORT:          6               6twonvpxtkhlcpfvsgjonethree                6213
1702929615193146 - REPORT:          3                fivefiveninesixninethree3                 5596933
1702929615195145 - REPORT:        262                         26four2                          2642
1702929615197148 - REPORT:          8                    d8hhbbgfoursixfour                    8464
1702929615198146 - REPORT:          9           hdkqlhzs9hqcffcnzgsmhninegzhxthfivev           995
1702929615202146 - REPORT:        918              onefourone9eight1sixdftmmzmj8               14198168
1702929615204146 - REPORT:       1259                 qpnxmtl125eightsix9four                  1258694
1702929615206145 - REPORT:          2                ninefourvnxlmjp2fhdhzbcncs                942
1702929615209148 - REPORT:        229                ninerhqpddslsh22sevennine9                922799
1702929615211146 - REPORT:       3312                         33vdj12                          3312
1702929615212146 - REPORT:          2                         2vqeight                         28
1702929615213146 - REPORT:          6              vbkfgbgflskxcfivefourzxvcbdj6               546
1702929615214145 - REPORT:         61                       6gssbzzgvb1                        61
1702929615216146 - REPORT:        668                 6hmnkjfksrdmjhnqfv6five8                 6658
1702929615219147 - REPORT:       9296                    92fouronefivebs96                     9241596
1702929615220145 - REPORT:         28                        2twofive8                         2258
1702929615222147 - REPORT:         45                    mkkplqtjmfive45ddh                    545
1702929615224149 - REPORT:        933                     fgtf933lgbxcnjv                      933
1702929615225147 - REPORT:        656                  tsmbtnst65fpcsxcljbc6                   656
1702929615227147 - REPORT:          4               4dthreetpbqbjvlrnineseventwo               43972
1702929615229145 - REPORT:       3334                           3334                           3334
1702929615231147 - REPORT:         85                          85five                          855
1702929615233145 - REPORT:        626                    62twomcnnj6fourhj                     62264
1702929615234145 - REPORT:          4                        fiveeight4                        584
1702929615236147 - REPORT:          9                sevenstxmqfdlp9threeeight                 7938
1702929615237147 - REPORT:        552                      55jnkhjh2hnqf                       552
1702929615240146 - REPORT:          7               xvrrqtr7onefouroneeightseven               714187
1702929615242146 - REPORT:         66                     66btjrmvsfiveqpx                     665
1702929615243145 - REPORT:          1                1jbzjcsevenninerpdhfvjrrg                 179
1702929615245146 - REPORT:          1                 1tsixsixdxqfdhpbsixthree                 1663
1702929615246147 - REPORT:          9                      h9twobfmqltwo                       922
1702929615248146 - REPORT:         74            eightrqlgqbmdcj7fourjbfourptdprg4             87444
1702929615250146 - REPORT:         68              6c8gbxxdhtxcxxgdntgsfninetwoqm              6892
1702929615252145 - REPORT:         67                    67foursixgshpnxpsb                    6746
1702929615254147 - REPORT:        461            gxfnbbrrfour4hdnzznc6five1threermh            446513
1702929615256149 - REPORT:         35             eight3fpqnbfbghshhkqmzmtkseven5              8375
1702929615258146 - REPORT:          5                       g5threenine                        539
1702929615261146 - REPORT:       3469               fivedseven3three469vjzmbklbm               5733469
1702929615262146 - REPORT:         96                 gxpktrpseven9kqbgvgqnqs6                 796
1702929615264145 - REPORT:         64                          one64                           164
1702929615265146 - REPORT:         55                      5threerxbfive5                      5355
1702929615267147 - REPORT:         91                    9ghdszvpbbldztqb1                     91
1702929615268146 - REPORT:          1                      1xkzdblrpcjtwo                      12
1702929615270146 - REPORT:       3588                  smcnpxg3one58ttdsstwo8                  315828
1702929615274148 - REPORT:       9781               fourjhqxgjrms9oneone78four1                49117841
1702929615276149 - REPORT:      96652                 9two6rxrrxlzc6tmzmxs5lq2                 926652
1702929615278145 - REPORT:          9        onebnfnc9fqgczzdxczheightfrvrsixjcxhntbmk         1986
1702929615280146 - REPORT:         82               8twofivezmnssevenlfxzcqmqtt2               82572
1702929615282145 - REPORT:         38             threepnp3hdvphnthree8seventhree              33387
1702929615285145 - REPORT:       4417                 three441seven7fourthree                  34417743
1702929615287145 - REPORT:         99                     99rvhgrxfsixfive                     9965
1702929615288147 - REPORT:         48                      zvtwone4three8                      21438
1702929615291147 - REPORT:        584                       5nine84eight                       59848
1702929615293148 - REPORT:          8     crtztqjdmninesevennflskqgzrvsixqrthzhmnxsjzstj8      9768
1702929615296146 - REPORT:        931              sevenntxmdvhb931sevenninethree              7931793
1702929615300147 - REPORT:     919897                 kxfk91fivehqgntfdhrj9897                 9159897
1702929615301146 - REPORT:          5                         seven5p                          75
1702929615302148 - REPORT:         13                        three1nh3                         313
1702929615304145 - REPORT:        221                      gjdv22two1twoq                      22212
1702929615306147 - REPORT:          2                       2twonnjthree                       223
1702929615308146 - REPORT:          4             dlhmbplgqthreeonergqmxbbzzlvvmn4             314
1702929615309147 - REPORT:         69                        6twohldcs9                        629
1702929615311148 - REPORT:          6                      6fourpjnztmqt                       64
1702929615313147 - REPORT:          5                           fmg5                           5
1702929615316147 - REPORT:        231                    bgxd2dvlnstwo3six1                    22361
1702929615318148 - REPORT:        647                   gg64onerksrfour7four                   641474
1702929615320147 - REPORT:         47                 eight47ppeightsevengpzkn                 84787
1702929615322146 - REPORT:        922                       92mzfive2jh                        9252
1702929615325147 - REPORT:          8               sevenjrnine8fivesixfivefour                7985654
1702929615327146 - REPORT:        869                         zmzxq869                         869
1702929615329145 - REPORT:         25               rjpgzqmsixninebvjkmb25seven                69257
1702929615330145 - REPORT:          9                       9dfxrrfbqpr                        9
1702929615353147 - REPORT:        227                five2nine2rzps7twozkdjmbnc                529272
1702929615354148 - REPORT:          9                          hsrpc9                          9
1702929615357148 - REPORT:        872                vsqfourgdkrzkf87four2seven                487427
1702929615363148 - REPORT:       9423                  two9eighteight42four3                   29884243
1702929615365147 - REPORT:        937                    eight9threefive37                     893537
1702929615367146 - REPORT:        892                      twobpdzktzm892                      2892
1702929615369147 - REPORT:         31                      3lldqhone1six                       3116
1702929615371147 - REPORT:        847                     six84nineseven7                      684977
1702929615372145 - REPORT:          7                     nine7xtjqzqbxvx                      97
1702929615375146 - REPORT:         48                 48twoeightthreepbjdmblzt                 48283
1702929615376147 - REPORT:          5                       5rzczxmeight                       58
1702929615378146 - REPORT:        851                      seven85seven1                       78571
1702929615379145 - REPORT:          9                    threezfjzttheight9                    389
1702929615383147 - REPORT:        737              7fourthreenine3qfchk7eightone               74393781
1702929615385145 - REPORT:       9157                       9h157ggstjh                        9157
1702929615386145 - REPORT:          2              lxmhllvjxzsevenntnzrnkdjfive2               752
1702929615388147 - REPORT:         64                 64dzxxpgjcvhqkpzfivecjg                  645
1702929615390148 - REPORT:         32           3hfllvslrdgfiveckxgkzstqseven2seven            35727
1702929615392147 - REPORT:          3                       four3fiveone                       4351
1702929615394146 - REPORT:        926                       two9eight26                        29826
1702929615395146 - REPORT:          9                         lsix9two                         692
1702929615398146 - REPORT:        824         two8sjvpnn2dpqhpfzgmthree4sevenblsmlfppg         282347
1702929615399147 - REPORT:         96                 t9fdsgpmsghlp6ninesixsix                 96966
1702929615401145 - REPORT:          9                         9twonezk                         921
1702929615403147 - REPORT:       5381                 53fthcvkktx8eight1vkhrp                  53881
1702929615405146 - REPORT:         53                    fmslbnseven53four                     7534
1702929615407148 - REPORT:        486                kjtwone486onefqdklnpdgone                 214861
1702929615409146 - REPORT:          5                        5threeqvkz                        53
1702929615411147 - REPORT:          5                 ftwone5sthreegcdfivefour                 215354
1702929615413148 - REPORT:          5                    nine5sixhjconesix                     95616
1702929615415146 - REPORT:      45454                454eight5vsggjtjcxttndvg4                 454854
1702929615417147 - REPORT:         83                         six83hk                          683
1702929615419147 - REPORT:         58               5eightfourpzv8bjbbeightwopp                584882
1702929615421146 - REPORT:        795                       79nine5eight                       79958
1702929615424151 - REPORT:      11373                   1sixsqcpdmpqbg137ll3                   161373
1702929615425147 - REPORT:         64                      fsdbv64sixlpdd                      646
1702929615427146 - REPORT:         59                          nine59                          959
1702929615428146 - REPORT:         32                         vvnmt32                          32
1702929615432147 - REPORT:        631             eightsevennxcvvnqsix63four1eight             87663418
1702929615433147 - REPORT:          6                 sixcgtlvnmvjmcqkkxxbtjv6                 66
1702929615434145 - REPORT:          6                        ninenine6                         996
1702929615435146 - REPORT:          5                     5fhrsbvdjggnine                      59
1702929615437145 - REPORT:          7                    twodkgtdghmjthree7                    237
1702929615439145 - REPORT:         71              zqkgbnqsixlqlbbhpdkvfourfive71              64571
1702929615441146 - REPORT:         53                     nine5four3twoneg                     954321
1702929615443149 - REPORT:        971                lxdpz971nfdsevensevenkjrzf                97177
1702929615445147 - REPORT:         25           2rkpbfphxjnnjkcpcphdpkkqbpjrbtqzmd5            25
1702929615447146 - REPORT:         72                pqftnsixjrxqf7six2threeone                676231
1702929615450146 - REPORT:       8145            six8d145twoqcgkllqmkxmqphoneightt             68145218
1702929615452145 - REPORT:         25                         seven25                          725
1702929615454145 - REPORT:          5                    5sevenonednlhseven                    5717
1702929615455145 - REPORT:         58          nkkfsl58xpdbqtptponethreempcxbkqqfbbml          5813
1702929615456147 - REPORT:         42                          4fgk2                           42
1702929615458147 - REPORT:         94                   9bxtjskxkhfmz4seven                    947
1702929615462145 - REPORT:        783             one78lpplzpbxcxseventwotwo3eight             17872238
1702929615466147 - REPORT:       8133            fbmqtp8one1gqmc3tzdqlnn3eightwoddf            8113382
1702929615467148 - REPORT:          2                            j2                            2
1702929615469148 - REPORT:          5                  5sixsixnineonesixddpvf                  56691
1702929615470148 - REPORT:          8                         8xdnpczh                         8
1702929615471147 - REPORT:         72                7nfmgjjlonesixbfpmxvvcvf2                 7162
1702929615472147 - REPORT:          4                           4mnc                           4
1702929615474149 - REPORT:         78                          7qjbl8                          78
1702929615475148 - REPORT:          7                          c7fhtx                          7
1702929615477147 - REPORT:         76                 lntmsfrbxtbbg7threexrd6                  736
1702929615479147 - REPORT:         43                      fiveseven4two3                      57423
1702929615480147 - REPORT:         34                    hmmdbzp3three4five                    3345
1702929615483147 - REPORT:        536                 seven5rdkcdh3sixtwo6tql                  753626
1702929615485146 - REPORT:        156                 nine1xglps5zzpztmcm6six                  91566
1702929615487146 - REPORT:         61          6fourfhxqkhqxeightonejcstpxklkbmk1two           648112
1702929615489146 - REPORT:        888             jreightgbpl8mmglzxjz88ztfnlhgvrz             8888
1702929615492146 - REPORT:         51                     5dcfive1ninenine                     55199
1702929615493147 - REPORT:          8                      twoxkgjbqrmzj8                      28
1702929615494145 - REPORT:         36                      one3kkxhrgskh6                      136
1702929615496144 - REPORT:         11                 seven1mhkseven1zdlvnnxxk                 7171
1702929615498146 - REPORT:          7               sevenonehpkqqxpshttrqcctsxp7               717
1702929615499146 - REPORT:         43                 43hdvhgconethreetsbjrkf                  4313
1702929615501144 - REPORT:          3                   xsmvfpnzpthreeqlpnf3                   33
1702929615502144 - REPORT:        216                      rjhpbsz21six6                       2166
1702929615505147 - REPORT:       4271                     onesix4271xgvsbd                     164271
1702929615506146 - REPORT:          4                         4gqnine                          49
1702929615509148 - REPORT:      51616                    516twoseven16vmbl                     5162716
1702929615511145 - REPORT:          8                  twosixnine8mnmdjthree                   26983
1702929615514146 - REPORT:        758                      nine7twonine58                      972958
1702929615515146 - REPORT:          4              4hnslsrxnslrmvmlninethreejcjxn              493
1702929615517145 - REPORT:         48          knsnrdzbcmonetwo4nine8ghzndvjqdxgbzlq           12498
1702929615518147 - REPORT:        619          dkpnfpnpp6pqfclgqhsq1rjmsjcbdxxxxvff9           619
1702929615520146 - REPORT:         59             pxnkbkvfiveltvnrpmdg5eightthree9             55839
1702929615521145 - REPORT:         91                       91vbnvfmdjjt                       91
1702929615524147 - REPORT:        341                    vpqxgzqlknttwo341                     2341
1702929615525146 - REPORT:          5                   5jlpdhzronetwonevvh                    5121
1702929615526148 - REPORT:          6                     6rhkxqjsznjhspm                      6
1702929615528146 - REPORT:          2                  nmzsevenkgtb2cptrfhjfd                  72
1702929615530146 - REPORT:         75                    ds75sixthreethree                     75633
1702929615531145 - REPORT:         49                        bone49ddv                         149
1702929615532147 - REPORT:          9                   hhhnptkcx9bpvkjlzpm                    9
1702929615533145 - REPORT:         84                      ctptntzjfive84                      584
1702929615535145 - REPORT:        943                  cpxb94one3threeclrnsix                  941336
1702929615538147 - REPORT:        578                  ninedtjmdsmcg5eight78                   95878
1702929615539147 - REPORT:         74                         74rbrvt                          74
1702929615541152 - REPORT:        241                         2four41                          2441
1702929615544147 - REPORT:          7            sixgpqmtkfdhz7sevenkcnonetwonemcp             677121
1702929615547147 - REPORT:        357              lshcphmjvcqdtzbh35rvvsphj7twok              3572
1702929615549146 - REPORT:         42            clqbqvtdjpzgkqpfour4plkpsxkcnscnx2            442
1702929615552146 - REPORT:          4               nflseventhreembkbnclftn4ksdc               734
1702929615553145 - REPORT:          4                       lljjndhone4                        14
1702929615556148 - REPORT:          7               krcthreeseventwofour7oneone                3724711
1702929615558147 - REPORT:        276                      dpjhm2three76                       2376
1702929615560145 - REPORT:        317             npqtwone31tsgfbbtjtnshhtjvvnfb7              21317
1702929615562146 - REPORT:          5                       5sixthreesix                       5636
1702929615564145 - REPORT:        617                  6cjzsix17onehbgdftzmxc                  66171
1702929615566145 - REPORT:         56                tpmkqthreesxhzsfqfjv5five6                3556
1702929615568147 - REPORT:         98          9eightkxkpqtoneffxseven8jfdbcsmclxjbr           98178
1702929615569146 - REPORT:          7                  threelz7zdcqlntmtlstbx                  37
1702929615570145 - REPORT:          3             nine3mtwotvmsctzlhtgcgxrmxkseven             9327
1702929615574152 - REPORT:         86                      prtwone86seven                      21867
1702929615576148 - REPORT:        262                      nb2eight62zff                       2862
1702929615578148 - REPORT:          6              fourfourmmlqjczfour6foureight               4468
1702929615579146 - REPORT:          3                    3gjjsppmmjrtrseven                    37
1702929615582148 - REPORT:         36         3vcbjsmpbgfttczrseven6bsngjeightseventwo         376872
1702929615584146 - REPORT:         15                1dbhsix5sixtbxccqqvsvjttm                 1656
1702929615586145 - REPORT:          7                    csbsthreethreeone7                    3317
1702929615587145 - REPORT:          8                           spt8                           8
1702929615588147 - REPORT:        521                         five521                          5521
1702929615593146 - REPORT:      53699                 eighttwo5three369eight9                  825336989
1702929615594146 - REPORT:        538                          53ck8                           538
1702929615597145 - REPORT:       5694                  569fdxfvtninesdbnvtwo4                  569924
1702929615598147 - REPORT:          6           sevenvvctrsjpvgzphgxblm6sixfourfive            76645
1702929615600146 - REPORT:        615                     seven6xtcdkmqf15                     7615
1702929615603146 - REPORT:       8233                twothree8233eightqhhpkrcjq                2382338
1702929615605148 - REPORT:         87               bpmmvdqtvqsfqqdzmjl8six7four               8674
1702929615607149 - REPORT:         85                 8twodktpzlvmqpgrfbbsix5                  8265
1702929615611147 - REPORT:      87125                 bqfmkthreeseventwo87125                  37287125
1702929615613149 - REPORT:       2749               qbdttlgc2onehtf749skzfslflbt               21749
1702929615616147 - REPORT:        798             seven79jbrh8threefivetwovgqphzpq             7798352
1702929615617145 - REPORT:         27                    skxcbtvbcll27fprcg                    27
1702929615618147 - REPORT:          1                         dtknkdx1                         1
1702929615620146 - REPORT:          2                 twozqjbmhmjoneeight2five                 21825
1702929615624147 - REPORT:       5484                5mzscs4twonineeight8four4                 54298844
1702929615625147 - REPORT:        698                           698f                           698
1702929615627147 - REPORT:          3                   twothree3eightklssg                    2338
1702929615630145 - REPORT:       1853                   two1kchxfqsixdrc853                    216853
1702929615632145 - REPORT:         94           9one4dzpqnineonexnzsvpplqgmtclfqfour           914914
1702929615633146 - REPORT:          1                    hskt1twozqvkxeight                    128
1702929615635145 - REPORT:         68                6fkpgsdchnrkgthreetwotwo8                 63228
1702929615637147 - REPORT:         41                hvnczltjleight4eight1mjsix                84816
1702929615639154 - REPORT:          7                  ltwo7bmbdjlmlpvjxlttmb                  27
1702929615641153 - REPORT:        922                    9sixninermdsjhg22                     96922
1702929615642153 - REPORT:          1                      rtgnjpbxtfznt1                      1
1702929615643153 - REPORT:          4                       btdtnhtdkc4                        4
1702929615645152 - REPORT:        872                87eight2htsvgvzxqvhsevenvk                87827
1702929615648151 - REPORT:        619                   6sixsix1dgszxseven9                    666179
1702929615650152 - REPORT:       1992               1rljjnxckl9bdlptqnqcmnine92                19992
1702929615652153 - REPORT:        328                  three3two28fivevsevenb                  3322857
1702929615654186 - REPORT:        666                  6ksfhxqndcccg66nmmbnz                   666
1702929615656187 - REPORT:          4                       ktqskd4five                        45
1702929615657190 - REPORT:          6                         pcvlhhz6                         6
1702929615660187 - REPORT:         63                 three6three3onesfjvkrjt                  36331
1702929615662186 - REPORT:         74                        fourfour74                        4474
1702929615666185 - REPORT:       6844                txeightwo6gcc8seven44sixg                 82687446
1702929615668186 - REPORT:         79                   79hphfdplrsgonefour                    7914
1702929615670185 - REPORT:          9                    nine9twothreeeight                    99238
1702929615672186 - REPORT:         52                      5h2eightwosmd                       5282
1702929615674186 - REPORT:        875                     8threeb7nine5cr                      83795
1702929615676184 - REPORT:        528                       eight528two                        85282
1702929615677186 - REPORT:          2                      fsfzrmlz2nine                       29
1702929615678187 - REPORT:          8                       8vspddjbhlfn                       8
1702929615680185 - REPORT:       6445                   64ljd4rtnbtwo5vnine                    644259
1702929615682185 - REPORT:          4                   onesixninezggthree4                    16934
1702929615685184 - REPORT:        847                     one8sevenseven47                     187747
1702929615687186 - REPORT:      23845                     three238eight45                      3238845
1702929615690185 - REPORT:        251                    one251onextjqxztm                     12511
1702929615691186 - REPORT:          1                 lsqrvsgnxh1bxxchgjeight                  18
1702929615693187 - REPORT:         41               eight4gdfvltlmn1sixllsbcqpnx               8416
1702929615694184 - REPORT:          7                      five7smrlbtbk                       57
1702929615695186 - REPORT:         69                    djnshxnrcrtkk6two9                    629
1702929615696186 - REPORT:          3                       frcpffjkhp3                        3
1702929615699185 - REPORT:          1                        1gsvrpkjl                         1
1702929615701185 - REPORT:          5                     5ninethreejpnbm                      593
1702929615703187 - REPORT:      46735                       4vdmjth6735                        46735
1702929615705184 - REPORT:       1355             eightmnlvzszqtjfour1rphtmntlk355             841355
1702929615709187 - REPORT:       6899            joneight6six8qgtlffcpbvrcf9xsnvgt9            1866899
1702929615711187 - REPORT:          3  gfqtnbbzrkfivelmmnmztdgeighthzfbzmpfnztwoxzzpjcsvfive3  58253
1702929615714184 - REPORT:          1                threevpgmhleightsevenfive1                38751
1702929615715185 - REPORT:         14          ninevmdknklvgbbmsdcmvjzcfcbeightrfmv14          9814
1702929615717184 - REPORT:         98                           98cb                           98
1702929615719186 - REPORT:       8858                 8one85jpdlsmdpzskjz8two                  818582
1702929615720186 - REPORT:         66                         6three6                          636
1702929615722186 - REPORT:          1                         fpnine1                          91
1702929615723186 - REPORT:          5                 5threelonemfbqvssxkbmglt                 531
1702929615725186 - REPORT:         15                     1zkxhjh5fournine                     1549
1702929615727186 - REPORT:          3                twoxbczzqhcthree3sixeight                 23368
1702929615729184 - REPORT:          4                     4gdktpzlxzkxnine                     49
1702929615732184 - REPORT:         86            ninefivenineplttv8seventwoggsmztd6            9598726
1702929615734185 - REPORT:        377                onepr3qpzf7seveneightfour7                1377847
1702929615736185 - REPORT:        231      tdfpsssrczgzgmxlpmqb2zjjllrqstnine3threemqtzz1      29331
1702929615739187 - REPORT:          4           sevenninetwohsztwomvzdrdtsz4seventwo           792247
1702929615741186 - REPORT:        216                   2lgsljspp1kpjpjh6six                   2166
1702929615743187 - REPORT:         85                      hz8four5lkcxzr                      845
1702929615745186 - REPORT:          8                   hgcmhgftpspbhcj8four                   84
1702929615749186 - REPORT:        267          three2bdstsvsskx6hjhmxlhnonefour7eight          3261478
1702929615751188 - REPORT:      31759                     3175cxbsg9eight                      317598
1702929615754187 - REPORT:        897                       one89twoone7                       189217
1702929615755187 - REPORT:          7                       cjjztqb7two                        72
1702929615758188 - REPORT:        768         7fzkbxrvseven6fbvgmckvjrlklqhlnsevenone8         776718
1702929615759185 - REPORT:          4                          dfctz4                          4
1702929615760186 - REPORT:          7                cpbfshrsixhjnfcbfmd7gdhhzx                67
1702929615762186 - REPORT:          1                     seven1pbrzmtflvh                     71
1702929615764186 - REPORT:        637                   fdchrzgzdsix63three7                   66337
1702929615768187 - REPORT:        421               three4dckqnone2two1eightwoq                34122182
1702929615769186 - REPORT:        947                    two9khrvjmvg47hsn                     2947
1702929615771185 - REPORT:         15               cdgpvclmngsixfshzlm15jsnrths               615
1702929615772184 - REPORT:          6                       jqztnseven6                        76
1702929615774186 - REPORT:         55                  seven55seveneightwodc                   755782
1702929615777186 - REPORT:         99               sevenff9onernhzsix9eightjdcc               791698
1702929615779188 - REPORT:          9                      threeeightps9                       389
1702929615781187 - REPORT:         91            six9threevmgplqhzrncgkmqjnine1one             693911
1702929615783189 - REPORT:          6                        three6six                         366
1702929615784187 - REPORT:        419                  419zzsjzqvkkzrpnszbvg                   419
1702929615786185 - REPORT:         87                      8fourthree7two                      84372
1702929615789187 - REPORT:         26               sixfivefmhrttsqfz2eight6two                652862
1702929615791186 - REPORT:        286                           286                            286
1702929615793186 - REPORT:          2                    xvxhrfiveftnlkmcv2                    52
1702929615796187 - REPORT:          6          fourfour6eightninedkgxbkninexgncmkfqp           446899
1702929615798186 - REPORT:         13                 ninekqjc1dvxtxdvzfgcph3                  913
1702929615799185 - REPORT:          8                          8hnnqm                          8
1702929615800186 - REPORT:        849                     gkzzmhbdqfour849                     4849
1702929615802189 - REPORT:         95                     95fjtrfourseven                      9547
1702929615803185 - REPORT:          5                         seven5rh                         75
1702929615805185 - REPORT:         27            five2bbqmnkkq7sixchcgslsevenvkmpfg            52767
1702929615807188 - REPORT:          1                  knlfive1fpsevenmbcnqb                   517
1702929615809185 - REPORT:         52             qpjxzbninejrgmvxpslk5rlfmrdmfbh2             952
1702929615810187 - REPORT:          9                       9sixgqxdlcx                        96
1702929615811185 - REPORT:         19                     19sqlbrngnvfqmzd                     19
1702929615812186 - REPORT:          3                          tjdg3                           3
1702929615813187 - REPORT:          1                  cmkpfivekzfhone1hxpbb                   511
1702929615815186 - REPORT:          3                        fiveseven3                        573
1702929615817184 - REPORT:         42             dxthreethreeninetwoeight4three2              3392842
1702929615818188 - REPORT:          6                            6j                            6
1702929615820186 - REPORT:         59                          nine59                          959
1702929615823186 - REPORT:       7822                  7seven8one22knqdsixone                  77812261
1702929615824186 - REPORT:          5                       sixtzbkscdt5                       65
1702929615826185 - REPORT:         44                  nine4gfxtrlzcd4twoone                   94421
1702929615828187 - REPORT:        277                       2seven7nine7                       27797
1702929615830184 - REPORT:          5                     fourpksdzztmll5                      45
1702929615831184 - REPORT:          2                      2dgqoneoneone                       211
1702929615832184 - REPORT:         11                   khzx1seven1cpkzvjtmv                   171
1702929615834185 - REPORT:         86                     fiveseven8three6                     57836
1702929615836186 - REPORT:          8           rrxkljtthreefoureight8hpxmmnjctthree           34883
1702929615838186 - REPORT:         21                  2sixzcchvknspqdjthree1                  2631
1702929615840188 - REPORT:          1                   nnl1rnrhxprnlctwoone                   121
1702929615842186 - REPORT:         28                       qsbgz28nfive                       285
1702929615843188 - REPORT:         11                   clqtchqnvrvv11eight                    118
1702929615845185 - REPORT:          5                  tvhrpxkbvpfiveonesix5                   5165
1702929615846184 - REPORT:         37                        qhjqmqpm37                        37
1702929615848186 - REPORT:       1748                           1748                           1748
1702929615850184 - REPORT:         23               23sevenhnrvlvjhbfrxvhfthree                2373
1702929615852184 - REPORT:       1884              1sixdnrnkb88fbrndqcphxrzlgjvf4              16884
1702929615854184 - REPORT:        891               8qlhmjsqzms9two1ffourcdlpssq               89214
1702929615856184 - REPORT:       5573                           5573                           5573
1702929615858187 - REPORT:         76                         eight76                          876
1702929615859188 - REPORT:          7                        7qxcrrldb                         7
1702929615860186 - REPORT:        535                        5zseven35                         5735
1702929615862186 - REPORT:          1            nxkqrsmth1tmrvszjcceightlnzgfdnine            189
1702929615864185 - REPORT:          2     fourqrkrsrzltnqcgnmnpptwo2zmgnlthreeeightxnxgmgd     42238
1702929615865185 - REPORT:         16           gnlqqtwo16xsxhrxthdltpxssnvfjqtrkfm            216
1702929615869189 - REPORT:         51        njlpbqsixfour51eightpnzzfmfksevenvpgnmkqd         645187
1702929615871187 - REPORT:          7                      two7xbhhbjrrp                       27
1702929615873186 - REPORT:        416                          41two6                          4126
1702929615875188 - REPORT:          9             sevenseven9xnlrnzlrnxfourjzsjfds             7794
1702929615876185 - REPORT:          8                 frfdzkxhckdxtp8twokfour                  824
1702929615878188 - REPORT:        425                         42ctfq5                          425
1702929615879185 - REPORT:          5                       gxjmvxdprr5                        5
1702929615880185 - REPORT:          1               sixsixeightvvplxddrdnngdxj1                6681
1702929615882184 - REPORT:       9894                       989ffgvq4vpv                       9894
1702929615884185 - REPORT:         95                ninecgtlfts9g5onebssmzsbnf                9951
1702929615886185 - REPORT:         37            3sixfourxltwopmdsrjscrh7dggvqhfour            364274
1702929615888187 - REPORT:        598                    5jktwo98jksfqbdbbt                    5298
1702929615890187 - REPORT:         72           fivemrrctsj7csqspbbnk2vtvlmnbdksfour           5724
1702929615893185 - REPORT:       8321                832nine1sixzbtkxzqthreetwo                83291632
1702929615895184 - REPORT:        114                     1jbrv1rzhgtwo4c                      1124
1702929615897187 - REPORT:         79                         eight79                          879
1702929615899184 - REPORT:        388                   3meightseventwo8one8                   3872818
1702929615900186 - REPORT:          9                     qtkzxf9gmdqkgqcc                     9
1702929615902185 - REPORT:          8                   vllkztxsjqsg8fivetwo                   852
1702929615904184 - REPORT:        573              5twohjzgcrhgpkfour7zkpngbbpj3               52473
1702929615905184 - REPORT:          7                   7nggrljjllnineeight                    798
1702929615908187 - REPORT:       1784                      sixone17nine84                      6117984
1702929615910187 - REPORT:         55                      5fourbnrpsnk5                       545
1702929615912184 - REPORT:         79                eightnghj7threethreeeight9                873389
1702929615914186 - REPORT:        956                           956                            956
1702929615916186 - REPORT:         25            eight2grdnqrvhlt5ptlqjqzbsixseven             82567
1702929615918185 - REPORT:         47                4bgzdpbnmcone7rxdqjbmbsix                 4176
1702929615920187 - REPORT:       9195                       9ninenine195                       999195
1702929615922185 - REPORT:        493               cflqvgs4six9kjhkmqhnn3rqmpc                4693
1702929615926186 - REPORT:     251112                     25sbdjjnphsr1112                     251112
1702929615927187 - REPORT:          7                     two7jxxzxronesix                     2716
1702929615928187 - REPORT:          7                     gnzzkvjcxzonen7                      17
1702929615930185 - REPORT:         53                 ninextxskkggr5nine3ckkfd                 9593
1702929615932187 - REPORT:         62      pmkxbttdbllqqxfeightsix6fmmbltphngpmzbtsbbcq2       8662
1702929615934188 - REPORT:         45                      4eightvthfour5                      4845
1702929615935185 - REPORT:          7                  eightksbjldxg7sixfour                   8764
1702929615937185 - REPORT:         77                   sixghvhqmthree7nine7                   63797
1702929615938187 - REPORT:          1                     zzjblxhvmltjqs1                      1
1702929615941186 - REPORT:        553        tslmgqfdt5eight53hmhlfzsvszthqmhxkmfhbxlm         5853
1702929615944186 - REPORT:      54811                   5sixzbczjtjg4nine811                   5649811
1702929615945187 - REPORT:          8                fourtgpmfourthree8ninecfd                 44389
1702929615948187 - REPORT:          5      hqnpxjtpnsxqpfzvgmshfmntwothreetwovzgphgfsix5       23265
1702929615950187 - REPORT:        713                  qjbdronetwo7five1hnf3                   127513
1702929615951184 - REPORT:          3                      3xmvlpkvqcctwo                      32
1702929615954187 - REPORT:          8                cgkninefoursixtwosix8eight                9462688
1702929615955185 - REPORT:          4              csvnsvtshrpdpkxqeightcsl4cmpn               84
1702929615959187 - REPORT:        861           hzoneightthreefour8threekppfivezl61            183483561
1702929615963185 - REPORT:       3276                  327onenineseventwosix6                  327197266
1702929615965187 - REPORT:         66                        eightone66                        8166
1702929615966185 - REPORT:         71                71oneddkhbdfourrjmskvdslx                 7114
1702929615968186 - REPORT:         12                    dbv12ctlrgxbbmsix                     126
1702929615970185 - REPORT:         53                one5five3fourtwozgnhseven                 1553427
1702929615973186 - REPORT:         43               sz4kljvrjf3sixxfivefivefive                43655
1702929615974187 - REPORT:         69              tlvl6jttfznmthree9ljbqfdgfdhd               639
1702929615977185 - REPORT:         84             gbdeightsevenninenine84ltblttwo              8799842
1702929615979185 - REPORT:         59            fourjrbs5fiveonejhvzsl9nsxnmlnmjt             45519
1702929615981185 - REPORT:         42                       4three2spkj                        432
1702929615982185 - REPORT:          9         fourbvmblbpkqjsfbssevensixsgrqnfpmj9vtx          4769
1702929615983186 - REPORT:          2         xgtzdmdgflmtdjvmqkbsvdxvbrcpdlmbptmljl2          2
1702929615985186 - REPORT:         95                    fourlcbxq95sevenr                     4957
1702929615988185 - REPORT:      23763                   2sixfcqfgbtz3nine763                   2639763
1702929615989186 - REPORT:         14                          one14                           114
1702929615991186 - REPORT:          4                          l4six                           46
1702929615993187 - REPORT:        394            3tjxghncvg9qcrzsbzccvfhsvzcseven4             3974
1702929615994186 - REPORT:          9                    seven9spzeightsix                     7986
1702929615997185 - REPORT:        738               xzbeightwozvp7six3sqsxdhnm8                827638
1702929615999185 - REPORT:         75                  75stwofivefvnjtktztwo                   75252
1702929616001186 - REPORT:        188             1msqj8ninepnsjbjxmzpdgcd8ttcnlzk             1898
1702929616002185 - REPORT:         89                  fvmxntfmxxf8fivepcqn9                   859
1702929616003188 - REPORT:          1                      fkjkszt1seven                       17
1702929616004185 - REPORT:         38                   3xkjvbjz8htrzhzkzmr                    38
1702929616008187 - REPORT:       2922         2jktmfjbzdkpvzkpcqv9cpprlghqzdfive2five2         295252
1702929616009186 - REPORT:         87                     ltmhdxkscptwo87                      287
1702929616012186 - REPORT:       5667                  hxhkjeight5seven6c67rj                  857667
1702929616015184 - REPORT:      89158                  sbzvthree891ztc5four8                   3891548
1702929616016185 - REPORT:         47                one4ngsvv7nfblcrjzjsgkknrx                147
1702929616018186 - REPORT:        841                jrb8one4qjjbvvcxrhfsslvq1                 8141
1702929616020184 - REPORT:        655                        6two5one5                         62515
1702929616022184 - REPORT:         61                  threesonecheightnine61                  318961
1702929616024188 - REPORT:          9                    fzppx9sixgonefour                     9614
1702929616026185 - REPORT:        641                  6fvnrr4five1fivejxxcmc                  64515
1702929616029188 - REPORT:          5                  sseven5threesevenfourr                  75374
1702929616030186 - REPORT:          5                       fcbnms5vctwo                       52
1702929616032187 - REPORT:       8298                    829three8gvqknllg                     82938
1702929616033187 - REPORT:          9                          qcmf9                           9
1702929616035187 - REPORT:         44                  sixthreeeight4dxmsbb4                   63844
1702929616037185 - REPORT:          5                      two5fouronetwo                      25412
1702929616038187 - REPORT:         33                       33foureight                        3348
1702929616041186 - REPORT:         91             sevenxjmkfgtseventhreefdtvn9two1             773921
1702929616043188 - REPORT:         18                         18qseven                         187
1702929616045185 - REPORT:       8141                   8141mfxlzkgvonebhddp                   81411
1702929616046185 - REPORT:          3                     3fnmdmvrjktseven                     37
1702929616048187 - REPORT:          9                      hgcnjmxchfive9                      59
1702929616049186 - REPORT:         81                        sfvcmptk81                        81
1702929616050185 - REPORT:         36              vsfrpfzvdgxfjzxmpsdeight36four              8364
1702929616052186 - REPORT:          7             hjglvnvcmnine7fourtnxllcdksixnm              9746
1702929616054184 - REPORT:       4912                       4four912ctx                        44912
1702929616057186 - REPORT:          8              8nineeightsqfhsevenninezfseven              898797
1702929616060187 - REPORT:         79                  threemjq79tgzsevenone                   37971
1702929616061188 - REPORT:          1                   twofktsbghzzmbfzfd1                    21
1702929616063188 - REPORT:          5                     5rsdninetwoneqp                      5921
1702929616065187 - REPORT:        888                nrfztxghtl8qx8one8sixnine                 881869
1702929616067186 - REPORT:         24      2lmhlkdvjjv4bbgnckvxpdtwothreebzqqdgmtfvsvqjj       2423
1702929616068188 - REPORT:         63                    63fivemzqvkbftqxtg                    635
1702929616071187 - REPORT:       2145                 214three5fivedmskgjtdbbv                 214355
1702929616072186 - REPORT:          8                         jvxh8two                         82
1702929616074188 - REPORT:        567                   kmnflrsfngone5zs6l7                    1567
1702929616076187 - REPORT:          5               pmcqtzdvqkcnfbzgtqscfour5one               451
1702929616077186 - REPORT:          2                  sfcdttxpblbsevenseven2                  772
1702929616078186 - REPORT:        355                           355                            355
1702929616080186 - REPORT:         56                 5ninetctrhrqteight6three                 59863
1702929616082185 - REPORT:          6                ninesevenls6nqqtfninehjdb                 9769
1702929616084186 - REPORT:        912                   hpdxptb9seventhree12                   97312
1702929616086184 - REPORT:        852               85vqbhpqrzpcsnfive2oneseven                855217
1702929616088187 - REPORT:         79                        79twothree                        7923
1702929616091186 - REPORT:         83             8eight3vzxsixoneeightzzcdkhgtpz              883618
1702929616093188 - REPORT:         33                       fivenine3hm3                       5933
1702929616094186 - REPORT:          7                       fourfthree7                        437
1702929616096184 - REPORT:         46        qkqgptwotvjkctgsbmsxvmssdpteightlxlkfqv46         2846
1702929616098185 - REPORT:        841                      84kqtnsjplhp1                       841
1702929616099185 - REPORT:        351                          3qk51                           351
1702929616100186 - REPORT:         76                      two7gjdrxxjlg6                      276
1702929616103185 - REPORT:        788          7qbrhzdljnvthreefour8dc8qctqhnlfzdshvz          73488
1702929616105186 - REPORT:         49                pfcninefourjzqnmmmxhqsix49                94649
1702929616107188 - REPORT:          1          gfbzhslvjrl1sixsevenvnpcrlhfdttmfourzr          1674
1702929616110185 - REPORT:       3636                     3fourtwo636three                     3426363
1702929616112186 - REPORT:          7               qnxrzp7gxcfoursixoneightqmn                74618
1702929616113185 - REPORT:         57                 fourhfstrgmmdvvlnq5rrb7                  457
1702929616116185 - REPORT:       3483                 348tdcztqxksixfiveseven3                 3486573
1702929616118186 - REPORT:         27             ninetnkhspprkmtljdfcbtwo2three7              92237
1702929616119185 - REPORT:          5          qgpfzngtntdsdjvlvmxnmgtbthree5bnkthree          353
1702929616120187 - REPORT:          9                         9vhthree                         93
1702929616124186 - REPORT:      15797                 six1four57sxcdzk97seven                  61457977
1702929616125187 - REPORT:          6                   6mnhhjtfbcpeightwozj                   682
1702929616127185 - REPORT:          9                       nploneight9                        189
1702929616128188 - REPORT:        657                       6kpzgz5mtq7                        657
1702929616130185 - REPORT:         33                     csflt33ninekmgc                      339
1702929616131186 - REPORT:          4                   jcpntrdsjnkzpmgtdxk4                   4
1702929616133186 - REPORT:          3            plbvmzc3sixfourfoureightkrxbzsdnbj            36448
1702929616134186 - REPORT:        774                        seven7ql74                        7774
1702929616136186 - REPORT:         72         bknbt7eightcbpxzkhtfrgcvhksrr2kxhvqthtsg         782
1702929616137184 - REPORT:          9             tcdcvqkknhxp9fivenlphrppfivenine             9559
1702929616139187 - REPORT:        825                8tgvvvsjl2ql5vjbsbrzvtjpkb                825
1702929616142187 - REPORT:        511                      51vtffpfzk1two                      5112
1702929616145184 - REPORT:      58742                   58threellgc74three2                    5837432
1702929616147186 - REPORT:        231                    zrrlzzpcq2c31four                     2314
1702929616148186 - REPORT:          2           xcpksgthreerfdjldvfteightnine2npztqh           3892
1702929616150184 - REPORT:          7                      dtonefourqpss7                      147
1702929616151186 - REPORT:          8                          rzmx8                           8
1702929616152186 - REPORT:        247                         2eight47                         2847
1702929616154185 - REPORT:        593                    nine593hsvgtghjqc                     9593
1702929616157188 - REPORT:       6742         five6gnkcxrvkvpone742mxsdpnxqkrcqzrmglxq         561742
1702929616159188 - REPORT:          8                   onevtfour8eightfive                    14885
1702929616160186 - REPORT:          8                vhnhqvsfm8qqgmsjkhsqeight                 88
1702929616163188 - REPORT:        282              2foureightsix8lhzplrtnpttznkt2              248682
1702929616165187 - REPORT:         96                  cztjsixsix96xljqqfhtmd                  6696
1702929616166184 - REPORT:         66     6four6mtvvxdbvninepjkfqlhhrhcqrddmghrlvkkphzvvb      6469
1702929616169186 - REPORT:       7821                  clshpcdb7bthreenine821                  739821
1702929616171184 - REPORT:        743           lcbbcnn74xcpdspkqdphdvdtrkfqfoursix3           74463
1702929616174187 - REPORT:      27229                 2ssgn7mjtzrblgr229seven                  272297
1702929616176185 - REPORT:         58                qtjzd5poneztdhvtdzt8svdfpv                518
1702929616177186 - REPORT:         91                        91fivetwo                         9152
1702929616180186 - REPORT:        415                 two41qctlttbcsevenjxczz5                 24175
1702929616181186 - REPORT:          7          fourbsklkgltwolvdgvjxcxpvclxqbqxjhbz7           427
1702929616182187 - REPORT:          8                    vncsclbf8cbkmzone                     81
1702929616185185 - REPORT:      34934                     dfn349six34five                      3496345
1702929616186187 - REPORT:         65                    one65kzsspzjhcsln                     165
1702929616189188 - REPORT:       1824               bmnfzmhptzgmgjk1sevenfive824               175824
1702929616192187 - REPORT:         39               3zthjdsix9geightsixeightfour               3698684
1702929616195187 - REPORT:          3        jvhhrkrnhfivenineonethree3sixninegplzthbxj        5913369
1702929616197185 - REPORT:         74                  boneightthreeqdglvf74                   18374
1702929616199184 - REPORT:         13                        13dmktbhp                         13
1702929616200186 - REPORT:          8                         8ninetwo                         892
1702929616202185 - REPORT:        887                        8eight87l                         8887
1702929616204186 - REPORT:         58           six5xhrtbhdmhpbpqqsfjjninesix8seven            659687
1702929616206185 - REPORT:       8199                   lznlvseventd819qkq9                    78199
1702929616208187 - REPORT:         55                            55                            55
1702929616209185 - REPORT:          3                       onevqgp3six                        136
1702929616210185 - REPORT:         88                           8gc8                           88
1702929616213186 - REPORT:         81            seveneight8fivesixczbqpjdhxnschd1             788561
1702929616215187 - REPORT:        968              9hvpqtcsevenfctzrxtgj6rjzgfpm8              9768
1702929616217184 - REPORT:         56       ppcmhlccprnmpndzkkjvbrptfour5fivefivefcdqvf6       45556
1702929616219186 - REPORT:          8   sevenhsqnkhhcfonethreezdrjvqsmlvjrdbppjcj8eightwovn    713882
1702929616221187 - REPORT:         31                 3mxqxlqsvfjpbclmqdrg1one                 311
1702929616222185 - REPORT:          8                     zmxnftxklqqd8one                     81
1702929616224187 - REPORT:         22                      2k2onesixthree                      22163
1702929616226185 - REPORT:          1               1twofivetwozxqhjqjbzgzsslgd                1252
1702929616228188 - REPORT:         38                     3mblcpmlmg8seven                     387
1702929616230185 - REPORT:        626                     twoeight626snine                     286269
1702929616231185 - REPORT:          8                       p8onegjssix                        816
1702929616233188 - REPORT:          9             ninelkjbgsqtrx9fiveeighthljnlrdb             9958
1702929616235186 - REPORT:        212                 x21six2cqfqbsmhxsbngstp                  2162
1702929616237186 - REPORT:         24               2gcmhhtxpzsfive4sixmvrqzkfnv               2546
1702929616239186 - REPORT:        878                   8ninethree7bbjmcnm8                    89378
1702929616241186 - REPORT:          6                      sixzqpl6three                       663
1702929616243185 - REPORT:         71                     b7zfivebmlfvcdg1                     751
1702929616244184 - REPORT:         28                        2fivetwo8                         2528
1702929616246185 - REPORT:          1          zdkznnkonetsstchvtxsvpfone1sjmqndvbhfg          111
1702929616247186 - REPORT:          2                        ggrvbl2one                        21
1702929616248185 - REPORT:          1                            1m                            1
1702929616250185 - REPORT:        777             7eightggfvfrsrfive77sxxrshdrfive             785775
1702929616251185 - REPORT:         12                        12lkgxnfqd                        12
1702929616254186 - REPORT:      92575                  9znqtwo2three5three75                   92235375
1702929616256187 - REPORT:          8                        seven8six                         786
1702929616260185 - REPORT:          8                       8vmpqprxdgj                        8
1702929616261184 - REPORT:          8               8zckvmtmbjtdqprvfxtkmgmmtgck               8
1702929616263186 - REPORT:        849                       8vlzthree49                        8349
1702929616267185 - REPORT:        523               onesddbmbeightfive523sixtwo                18552362
1702929616268185 - REPORT:         93                         9jcfjq3                          93
1702929616269184 - REPORT:          5                        5qlhxfour                         54
1702929616270186 - REPORT:         34                          3five4                          354
1702929616272187 - REPORT:         27                     2kvfourseven7vdh                     2477
1702929616274186 - REPORT:         17                        seven1one7                        7117
1702929616275185 - REPORT:          7                            7v                            7
1702929616279185 - REPORT:        568           fourdnh568oneninehqftnfninetwonejjn            456819921
1702929616280185 - REPORT:         21                      dpvcxz21seven                       217
1702929616282186 - REPORT:         48                  4threeslnfhfskntz8kqmh                  438
1702929616284187 - REPORT:        583                         58eight3                         5883
1702929616286186 - REPORT:         16                     fivetwo16sixfour                     521664
1702929616288187 - REPORT:          5               fnxmrmcjsixninethreekbf5one                69351
1702929616291186 - REPORT:        161                1seven6fourfournjsdvhlkhp1                176441
1702929616293188 - REPORT:       8339                         five8339                         58339
1702929616294185 - REPORT:          1                   1fgmrleighteightdzxh                   188
1702929616295186 - REPORT:          5                        eight5nine                        859
1702929616296185 - REPORT:          4                        eight4fdnx                        84
1702929616299185 - REPORT:          2        sqfklfbkjvbghbgmszzzpeightfive2fiveonefive        85251
1702929616301186 - REPORT:         63              xcveight6zlfkpxrzsnq3gzjseven               8637
1702929616303186 - REPORT:         42               fkeightniner4fourfour2eight                8944428
1702929616305186 - REPORT:         87                       nine87lphjt                        987
1702929616306186 - REPORT:          3                       3twombcfour                        324
1702929616310186 - REPORT:      76888                  dpn7688eighteightdjl8                   7688888
1702929616311185 - REPORT:         53                 5tvplhtfrmlv3zjcgvfivenl                 535
1702929616313186 - REPORT:         24                        2fiveztwo4                        2524
1702929616315188 - REPORT:          5                        fjbbtgone5                        15
1702929616316185 - REPORT:          4                  bjrgnzzpsixnine4three                   6943
1702929616318186 - REPORT:         18                      kkqpcmvjnine18                      918
1702929616321186 - REPORT:          1              zhzkslnd1twonpqxtwoninefiveone              122951
1702929616323187 - REPORT:        793                    fiveckknnzhdtm793                     5793
1702929616326188 - REPORT:       2861                seven2cbtkqzs861cbfgssfqtd                72861
1702929616327185 - REPORT:          4                 sixvdtzsixthree4lchxtdkv                 6634
1702929616329186 - REPORT:         12             1vvssfvlfbg2eightmxbqbvgsixnine              12869
1702929616331186 - REPORT:        947                   nineeightjlngjz94t7                    98947
1702929616332185 - REPORT:          7                     lpncsfkn7fsgvkl                      7
1702929616334185 - REPORT:       5835                 583sevenhjxlqzjgbzxhkcl5                 58375
1702929616336185 - REPORT:         81                           81s                            81
1702929616338185 - REPORT:        234                 2four3threesxxvlfqfive4                  243354
1702929616341186 - REPORT:         69                 nine6eightsevenzx9twoxc                  968792
1702929616343188 - REPORT:        989               hmbfjdfnp989mfivefiverpzrjs                98955